2025-12-07T17:04:05.918+04:00  INFO 51216 --- [kursnews-service] [restartedMain] c.example.KursNews.KursNewsApplication   : Starting KursNewsApplication using Java 22.0.1 with PID 51216 (C:\Users\p.vasiliev\IdeaProjects\HighLoad\KursNews\target\classes started by p.vasiliev in C:\Users\p.vasiliev\IdeaProjects\HighLoad)
2025-12-07T17:04:05.934+04:00 DEBUG 51216 --- [kursnews-service] [restartedMain] c.example.KursNews.KursNewsApplication   : Running with Spring Boot v3.2.5, Spring v6.1.6
2025-12-07T17:04:05.936+04:00  INFO 51216 --- [kursnews-service] [restartedMain] c.example.KursNews.KursNewsApplication   : No active profile set, falling back to 1 default profile: "default"
2025-12-07T17:04:06.029+04:00  INFO 51216 --- [kursnews-service] [restartedMain] .e.DevToolsPropertyDefaultsPostProcessor : Devtools property defaults active! Set 'spring.devtools.add-properties' to 'false' to disable
2025-12-07T17:04:06.030+04:00  INFO 51216 --- [kursnews-service] [restartedMain] .e.DevToolsPropertyDefaultsPostProcessor : For additional web related logging consider setting the 'logging.level.web' property to 'DEBUG'
2025-12-07T17:04:06.959+04:00  INFO 51216 --- [kursnews-service] [restartedMain] .s.d.r.c.RepositoryConfigurationDelegate : Bootstrapping Spring Data JPA repositories in DEFAULT mode.
2025-12-07T17:04:07.113+04:00  INFO 51216 --- [kursnews-service] [restartedMain] .s.d.r.c.RepositoryConfigurationDelegate : Finished Spring Data repository scanning in 146 ms. Found 4 JPA repository interfaces.
2025-12-07T17:04:07.482+04:00  INFO 51216 --- [kursnews-service] [restartedMain] o.s.cloud.context.scope.GenericScope     : BeanFactory id=191c6f0a-6544-303b-8039-942f3a57ec6f
2025-12-07T17:04:07.649+04:00  WARN 51216 --- [kursnews-service] [restartedMain] trationDelegate$BeanPostProcessorChecker : Bean 'org.springframework.cloud.client.loadbalancer.LoadBalancerAutoConfiguration$RetryInterceptorAutoConfiguration' of type [org.springframework.cloud.client.loadbalancer.LoadBalancerAutoConfiguration$RetryInterceptorAutoConfiguration] is not eligible for getting processed by all BeanPostProcessors (for example: not eligible for auto-proxying). The currently created BeanPostProcessor [lbRestClientPostProcessor] is declared through a non-static factory method on that class; consider declaring it as static instead.
2025-12-07T17:04:07.651+04:00  WARN 51216 --- [kursnews-service] [restartedMain] trationDelegate$BeanPostProcessorChecker : Bean 'org.springframework.cloud.loadbalancer.config.BlockingLoadBalancerClientAutoConfiguration' of type [org.springframework.cloud.loadbalancer.config.BlockingLoadBalancerClientAutoConfiguration] is not eligible for getting processed by all BeanPostProcessors (for example: not eligible for auto-proxying). Is this bean getting eagerly injected into a currently created BeanPostProcessor [lbRestClientPostProcessor]? Check the corresponding BeanPostProcessor declaration and its dependencies.
2025-12-07T17:04:07.652+04:00  WARN 51216 --- [kursnews-service] [restartedMain] trationDelegate$BeanPostProcessorChecker : Bean 'org.springframework.cloud.loadbalancer.config.LoadBalancerAutoConfiguration' of type [org.springframework.cloud.loadbalancer.config.LoadBalancerAutoConfiguration] is not eligible for getting processed by all BeanPostProcessors (for example: not eligible for auto-proxying). Is this bean getting eagerly injected into a currently created BeanPostProcessor [lbRestClientPostProcessor]? Check the corresponding BeanPostProcessor declaration and its dependencies.
2025-12-07T17:04:07.662+04:00  WARN 51216 --- [kursnews-service] [restartedMain] trationDelegate$BeanPostProcessorChecker : Bean 'org.springframework.cloud.commons.config.CommonsConfigAutoConfiguration' of type [org.springframework.cloud.commons.config.CommonsConfigAutoConfiguration] is not eligible for getting processed by all BeanPostProcessors (for example: not eligible for auto-proxying). Is this bean getting eagerly injected into a currently created BeanPostProcessor [lbRestClientPostProcessor]? Check the corresponding BeanPostProcessor declaration and its dependencies.
2025-12-07T17:04:07.664+04:00  WARN 51216 --- [kursnews-service] [restartedMain] trationDelegate$BeanPostProcessorChecker : Bean 'org.springframework.cloud.client.loadbalancer.LoadBalancerDefaultMappingsProviderAutoConfiguration' of type [org.springframework.cloud.client.loadbalancer.LoadBalancerDefaultMappingsProviderAutoConfiguration] is not eligible for getting processed by all BeanPostProcessors (for example: not eligible for auto-proxying). Is this bean getting eagerly injected into a currently created BeanPostProcessor [lbRestClientPostProcessor]? Check the corresponding BeanPostProcessor declaration and its dependencies.
2025-12-07T17:04:07.665+04:00  WARN 51216 --- [kursnews-service] [restartedMain] trationDelegate$BeanPostProcessorChecker : Bean 'loadBalancerClientsDefaultsMappingsProvider' of type [org.springframework.cloud.client.loadbalancer.LoadBalancerDefaultMappingsProviderAutoConfiguration$$Lambda/0x000002baa53fd000] is not eligible for getting processed by all BeanPostProcessors (for example: not eligible for auto-proxying). Is this bean getting eagerly injected into a currently created BeanPostProcessor [lbRestClientPostProcessor]? Check the corresponding BeanPostProcessor declaration and its dependencies.
2025-12-07T17:04:07.667+04:00  WARN 51216 --- [kursnews-service] [restartedMain] trationDelegate$BeanPostProcessorChecker : Bean 'defaultsBindHandlerAdvisor' of type [org.springframework.cloud.commons.config.DefaultsBindHandlerAdvisor] is not eligible for getting processed by all BeanPostProcessors (for example: not eligible for auto-proxying). Is this bean getting eagerly injected into a currently created BeanPostProcessor [lbRestClientPostProcessor]? Check the corresponding BeanPostProcessor declaration and its dependencies.
2025-12-07T17:04:07.677+04:00  WARN 51216 --- [kursnews-service] [restartedMain] trationDelegate$BeanPostProcessorChecker : Bean 'spring.cloud.loadbalancer-org.springframework.cloud.client.loadbalancer.LoadBalancerClientsProperties' of type [org.springframework.cloud.client.loadbalancer.LoadBalancerClientsProperties] is not eligible for getting processed by all BeanPostProcessors (for example: not eligible for auto-proxying). Is this bean getting eagerly injected into a currently created BeanPostProcessor [lbRestClientPostProcessor]? Check the corresponding BeanPostProcessor declaration and its dependencies.
2025-12-07T17:04:07.686+04:00  WARN 51216 --- [kursnews-service] [restartedMain] trationDelegate$BeanPostProcessorChecker : Bean 'default.org.springframework.cloud.loadbalancer.config.LoadBalancerAutoConfiguration.LoadBalancerClientSpecification' of type [org.springframework.cloud.loadbalancer.annotation.LoadBalancerClientSpecification] is not eligible for getting processed by all BeanPostProcessors (for example: not eligible for auto-proxying). Is this bean getting eagerly injected into a currently created BeanPostProcessor [lbRestClientPostProcessor]? Check the corresponding BeanPostProcessor declaration and its dependencies.
2025-12-07T17:04:07.688+04:00  WARN 51216 --- [kursnews-service] [restartedMain] trationDelegate$BeanPostProcessorChecker : Bean 'default.org.springframework.cloud.loadbalancer.config.BlockingLoadBalancerClientAutoConfiguration.LoadBalancerClientSpecification' of type [org.springframework.cloud.loadbalancer.annotation.LoadBalancerClientSpecification] is not eligible for getting processed by all BeanPostProcessors (for example: not eligible for auto-proxying). Is this bean getting eagerly injected into a currently created BeanPostProcessor [lbRestClientPostProcessor]? Check the corresponding BeanPostProcessor declaration and its dependencies.
2025-12-07T17:04:07.688+04:00  WARN 51216 --- [kursnews-service] [restartedMain] trationDelegate$BeanPostProcessorChecker : Bean 'default.org.springframework.cloud.netflix.eureka.loadbalancer.LoadBalancerEurekaAutoConfiguration.LoadBalancerClientSpecification' of type [org.springframework.cloud.loadbalancer.annotation.LoadBalancerClientSpecification] is not eligible for getting processed by all BeanPostProcessors (for example: not eligible for auto-proxying). Is this bean getting eagerly injected into a currently created BeanPostProcessor [lbRestClientPostProcessor]? Check the corresponding BeanPostProcessor declaration and its dependencies.
2025-12-07T17:04:07.689+04:00  WARN 51216 --- [kursnews-service] [restartedMain] trationDelegate$BeanPostProcessorChecker : Bean 'loadBalancerClientFactory' of type [org.springframework.cloud.loadbalancer.support.LoadBalancerClientFactory] is not eligible for getting processed by all BeanPostProcessors (for example: not eligible for auto-proxying). Is this bean getting eagerly injected into a currently created BeanPostProcessor [lbRestClientPostProcessor]? Check the corresponding BeanPostProcessor declaration and its dependencies.
2025-12-07T17:04:07.693+04:00  WARN 51216 --- [kursnews-service] [restartedMain] trationDelegate$BeanPostProcessorChecker : Bean 'blockingLoadBalancerClient' of type [org.springframework.cloud.loadbalancer.blocking.client.BlockingLoadBalancerClient] is not eligible for getting processed by all BeanPostProcessors (for example: not eligible for auto-proxying). Is this bean getting eagerly injected into a currently created BeanPostProcessor [lbRestClientPostProcessor]? Check the corresponding BeanPostProcessor declaration and its dependencies.
2025-12-07T17:04:07.706+04:00  WARN 51216 --- [kursnews-service] [restartedMain] trationDelegate$BeanPostProcessorChecker : Bean 'loadBalancerServiceInstanceCookieTransformer' of type [org.springframework.cloud.loadbalancer.core.LoadBalancerServiceInstanceCookieTransformer] is not eligible for getting processed by all BeanPostProcessors (for example: not eligible for auto-proxying). Is this bean getting eagerly injected into a currently created BeanPostProcessor [lbRestClientPostProcessor]? Check the corresponding BeanPostProcessor declaration and its dependencies.
2025-12-07T17:04:07.708+04:00  WARN 51216 --- [kursnews-service] [restartedMain] trationDelegate$BeanPostProcessorChecker : Bean 'xForwarderHeadersTransformer' of type [org.springframework.cloud.loadbalancer.blocking.XForwardedHeadersTransformer] is not eligible for getting processed by all BeanPostProcessors (for example: not eligible for auto-proxying). Is this bean getting eagerly injected into a currently created BeanPostProcessor [lbRestClientPostProcessor]? Check the corresponding BeanPostProcessor declaration and its dependencies.
2025-12-07T17:04:07.711+04:00  WARN 51216 --- [kursnews-service] [restartedMain] trationDelegate$BeanPostProcessorChecker : Bean 'org.springframework.cloud.client.loadbalancer.LoadBalancerAutoConfiguration' of type [org.springframework.cloud.client.loadbalancer.LoadBalancerAutoConfiguration] is not eligible for getting processed by all BeanPostProcessors (for example: not eligible for auto-proxying). Is this bean getting eagerly injected into a currently created BeanPostProcessor [lbRestClientPostProcessor]? Check the corresponding BeanPostProcessor declaration and its dependencies.
2025-12-07T17:04:07.714+04:00  WARN 51216 --- [kursnews-service] [restartedMain] trationDelegate$BeanPostProcessorChecker : Bean 'loadBalancerRequestFactory' of type [org.springframework.cloud.client.loadbalancer.LoadBalancerRequestFactory] is not eligible for getting processed by all BeanPostProcessors (for example: not eligible for auto-proxying). Is this bean getting eagerly injected into a currently created BeanPostProcessor [lbRestClientPostProcessor]? Check the corresponding BeanPostProcessor declaration and its dependencies.
2025-12-07T17:04:07.716+04:00  WARN 51216 --- [kursnews-service] [restartedMain] trationDelegate$BeanPostProcessorChecker : Bean 'org.springframework.cloud.loadbalancer.config.BlockingLoadBalancerClientAutoConfiguration$BlockingLoadBalancerRetryConfig' of type [org.springframework.cloud.loadbalancer.config.BlockingLoadBalancerClientAutoConfiguration$BlockingLoadBalancerRetryConfig$$SpringCGLIB$$0] is not eligible for getting processed by all BeanPostProcessors (for example: not eligible for auto-proxying). Is this bean getting eagerly injected into a currently created BeanPostProcessor [lbRestClientPostProcessor]? Check the corresponding BeanPostProcessor declaration and its dependencies.
2025-12-07T17:04:07.720+04:00  WARN 51216 --- [kursnews-service] [restartedMain] trationDelegate$BeanPostProcessorChecker : Bean 'loadBalancedRetryFactory' of type [org.springframework.cloud.loadbalancer.blocking.retry.BlockingLoadBalancedRetryFactory] is not eligible for getting processed by all BeanPostProcessors (for example: not eligible for auto-proxying). Is this bean getting eagerly injected into a currently created BeanPostProcessor [lbRestClientPostProcessor]? Check the corresponding BeanPostProcessor declaration and its dependencies.
2025-12-07T17:04:07.728+04:00  WARN 51216 --- [kursnews-service] [restartedMain] trationDelegate$BeanPostProcessorChecker : Bean 'loadBalancerInterceptor' of type [org.springframework.cloud.client.loadbalancer.RetryLoadBalancerInterceptor] is not eligible for getting processed by all BeanPostProcessors (for example: not eligible for auto-proxying). Is this bean getting eagerly injected into a currently created BeanPostProcessor [lbRestClientPostProcessor]? Check the corresponding BeanPostProcessor declaration and its dependencies.
2025-12-07T17:04:08.289+04:00  INFO 51216 --- [kursnews-service] [restartedMain] o.s.b.w.embedded.tomcat.TomcatWebServer  : Tomcat initialized with port 8081 (http)
2025-12-07T17:04:08.311+04:00  INFO 51216 --- [kursnews-service] [restartedMain] o.apache.catalina.core.StandardService   : Starting service [Tomcat]
2025-12-07T17:04:08.311+04:00  INFO 51216 --- [kursnews-service] [restartedMain] o.apache.catalina.core.StandardEngine    : Starting Servlet engine: [Apache Tomcat/10.1.20]
2025-12-07T17:04:08.366+04:00  INFO 51216 --- [kursnews-service] [restartedMain] o.a.c.c.C.[Tomcat].[localhost].[/]       : Initializing Spring embedded WebApplicationContext
2025-12-07T17:04:08.367+04:00  INFO 51216 --- [kursnews-service] [restartedMain] w.s.c.ServletWebServerApplicationContext : Root WebApplicationContext: initialization completed in 2335 ms
2025-12-07T17:04:08.523+04:00  INFO 51216 --- [kursnews-service] [restartedMain] o.hibernate.jpa.internal.util.LogHelper  : HHH000204: Processing PersistenceUnitInfo [name: default]
2025-12-07T17:04:08.584+04:00  INFO 51216 --- [kursnews-service] [restartedMain] org.hibernate.Version                    : HHH000412: Hibernate ORM core version 6.4.4.Final
2025-12-07T17:04:08.613+04:00  INFO 51216 --- [kursnews-service] [restartedMain] o.h.c.internal.RegionFactoryInitiator    : HHH000026: Second-level cache disabled
2025-12-07T17:04:08.806+04:00  INFO 51216 --- [kursnews-service] [restartedMain] o.s.o.j.p.SpringPersistenceUnitInfo      : No LoadTimeWeaver setup: ignoring JPA class transformer
2025-12-07T17:04:08.829+04:00  INFO 51216 --- [kursnews-service] [restartedMain] com.zaxxer.hikari.HikariDataSource       : HikariPool-1 - Starting...
2025-12-07T17:04:08.935+04:00  INFO 51216 --- [kursnews-service] [restartedMain] com.zaxxer.hikari.pool.HikariPool        : HikariPool-1 - Added connection org.postgresql.jdbc.PgConnection@54f51340
2025-12-07T17:04:08.936+04:00  INFO 51216 --- [kursnews-service] [restartedMain] com.zaxxer.hikari.HikariDataSource       : HikariPool-1 - Start completed.
2025-12-07T17:04:09.819+04:00  INFO 51216 --- [kursnews-service] [restartedMain] o.h.e.t.j.p.i.JtaPlatformInitiator       : HHH000489: No JTA platform available (set 'hibernate.transaction.jta.platform' to enable JTA platform integration)
2025-12-07T17:04:09.888+04:00  INFO 51216 --- [kursnews-service] [restartedMain] j.LocalContainerEntityManagerFactoryBean : Initialized JPA EntityManagerFactory for persistence unit 'default'
2025-12-07T17:04:10.298+04:00  WARN 51216 --- [kursnews-service] [restartedMain] JpaBaseConfiguration$JpaWebConfiguration : spring.jpa.open-in-view is enabled by default. Therefore, database queries may be performed during view rendering. Explicitly configure spring.jpa.open-in-view to disable this warning
2025-12-07T17:04:10.686+04:00  WARN 51216 --- [kursnews-service] [restartedMain] o.s.b.d.a.OptionalLiveReloadServer       : Unable to start LiveReload server
2025-12-07T17:04:10.734+04:00  INFO 51216 --- [kursnews-service] [restartedMain] DiscoveryClientOptionalArgsConfiguration : Eureka HTTP Client uses RestTemplate.
2025-12-07T17:04:10.780+04:00  WARN 51216 --- [kursnews-service] [restartedMain] iguration$LoadBalancerCaffeineWarnLogger : Spring Cloud LoadBalancer is currently working with the default cache. While this cache implementation is useful for development and tests, it's recommended to use Caffeine cache in production.You can switch to using Caffeine cache, by adding it and org.springframework.cache.caffeine.CaffeineCacheManager to the classpath.
2025-12-07T17:04:10.803+04:00  INFO 51216 --- [kursnews-service] [restartedMain] o.s.c.n.eureka.InstanceInfoFactory       : Setting initial instance status as: STARTING
2025-12-07T17:04:10.886+04:00  INFO 51216 --- [kursnews-service] [restartedMain] com.netflix.discovery.DiscoveryClient    : Initializing Eureka in region us-east-1
2025-12-07T17:04:10.891+04:00  INFO 51216 --- [kursnews-service] [restartedMain] c.n.d.s.r.aws.ConfigClusterResolver      : Resolving eureka endpoints via configuration
2025-12-07T17:04:10.912+04:00  INFO 51216 --- [kursnews-service] [restartedMain] com.netflix.discovery.DiscoveryClient    : Disable delta property : false
2025-12-07T17:04:10.912+04:00  INFO 51216 --- [kursnews-service] [restartedMain] com.netflix.discovery.DiscoveryClient    : Single vip registry refresh property : null
2025-12-07T17:04:10.912+04:00  INFO 51216 --- [kursnews-service] [restartedMain] com.netflix.discovery.DiscoveryClient    : Force full registry fetch : false
2025-12-07T17:04:10.912+04:00  INFO 51216 --- [kursnews-service] [restartedMain] com.netflix.discovery.DiscoveryClient    : Application is null : false
2025-12-07T17:04:10.912+04:00  INFO 51216 --- [kursnews-service] [restartedMain] com.netflix.discovery.DiscoveryClient    : Registered Applications size is zero : true
2025-12-07T17:04:10.912+04:00  INFO 51216 --- [kursnews-service] [restartedMain] com.netflix.discovery.DiscoveryClient    : Application version is -1: true
2025-12-07T17:04:10.913+04:00  INFO 51216 --- [kursnews-service] [restartedMain] com.netflix.discovery.DiscoveryClient    : Getting all instance registry info from the eureka server
2025-12-07T17:04:11.187+04:00  INFO 51216 --- [kursnews-service] [restartedMain] com.netflix.discovery.DiscoveryClient    : The response status is 200
2025-12-07T17:04:11.189+04:00  INFO 51216 --- [kursnews-service] [restartedMain] com.netflix.discovery.DiscoveryClient    : Starting heartbeat executor: renew interval is: 30
2025-12-07T17:04:11.190+04:00  INFO 51216 --- [kursnews-service] [restartedMain] c.n.discovery.InstanceInfoReplicator     : InstanceInfoReplicator onDemand update allowed rate per min is 4
2025-12-07T17:04:11.193+04:00  INFO 51216 --- [kursnews-service] [restartedMain] com.netflix.discovery.DiscoveryClient    : Discovery Client initialized at timestamp 1765112651192 with initial instances count: 0
2025-12-07T17:04:11.195+04:00  INFO 51216 --- [kursnews-service] [restartedMain] o.s.c.n.e.s.EurekaServiceRegistry        : Registering application KURSNEWS-SERVICE with eureka with status UP
2025-12-07T17:04:11.196+04:00  INFO 51216 --- [kursnews-service] [restartedMain] com.netflix.discovery.DiscoveryClient    : Saw local status change event StatusChangeEvent [timestamp=1765112651196, current=UP, previous=STARTING]
2025-12-07T17:04:11.200+04:00  INFO 51216 --- [kursnews-service] [DiscoveryClient-InstanceInfoReplicator-0] com.netflix.discovery.DiscoveryClient    : DiscoveryClient_KURSNEWS-SERVICE/kursnews-service:8081: registering service...
2025-12-07T17:04:11.216+04:00  INFO 51216 --- [kursnews-service] [restartedMain] o.s.b.w.embedded.tomcat.TomcatWebServer  : Tomcat started on port 8081 (http) with context path ''
2025-12-07T17:04:11.217+04:00  INFO 51216 --- [kursnews-service] [restartedMain] .s.c.n.e.s.EurekaAutoServiceRegistration : Updating port to 8081
2025-12-07T17:04:11.233+04:00  INFO 51216 --- [kursnews-service] [restartedMain] c.example.KursNews.KursNewsApplication   : Started KursNewsApplication in 5.796 seconds (process running for 7.227)
2025-12-07T17:04:11.235+04:00  INFO 51216 --- [kursnews-service] [DiscoveryClient-InstanceInfoReplicator-0] com.netflix.discovery.DiscoveryClient    : DiscoveryClient_KURSNEWS-SERVICE/kursnews-service:8081 - registration status: 204
2025-12-07T17:04:41.194+04:00  INFO 51216 --- [kursnews-service] [DiscoveryClient-CacheRefreshExecutor-0] com.netflix.discovery.DiscoveryClient    : Disable delta property : false
2025-12-07T17:04:41.195+04:00  INFO 51216 --- [kursnews-service] [DiscoveryClient-CacheRefreshExecutor-0] com.netflix.discovery.DiscoveryClient    : Single vip registry refresh property : null
2025-12-07T17:04:41.195+04:00  INFO 51216 --- [kursnews-service] [DiscoveryClient-CacheRefreshExecutor-0] com.netflix.discovery.DiscoveryClient    : Force full registry fetch : false
2025-12-07T17:04:41.195+04:00  INFO 51216 --- [kursnews-service] [DiscoveryClient-CacheRefreshExecutor-0] com.netflix.discovery.DiscoveryClient    : Application is null : false
2025-12-07T17:04:41.196+04:00  INFO 51216 --- [kursnews-service] [DiscoveryClient-CacheRefreshExecutor-0] com.netflix.discovery.DiscoveryClient    : Registered Applications size is zero : true
2025-12-07T17:04:41.196+04:00  INFO 51216 --- [kursnews-service] [DiscoveryClient-CacheRefreshExecutor-0] com.netflix.discovery.DiscoveryClient    : Application version is -1: false
2025-12-07T17:04:41.196+04:00  INFO 51216 --- [kursnews-service] [DiscoveryClient-CacheRefreshExecutor-0] com.netflix.discovery.DiscoveryClient    : Getting all instance registry info from the eureka server
2025-12-07T17:04:41.228+04:00  INFO 51216 --- [kursnews-service] [DiscoveryClient-CacheRefreshExecutor-0] com.netflix.discovery.DiscoveryClient    : The response status is 200
2025-12-07T17:09:05.137+04:00  INFO 51216 --- [kursnews-service] [http-nio-8081-exec-1] o.a.c.c.C.[Tomcat].[localhost].[/]       : Initializing Spring DispatcherServlet 'dispatcherServlet'
2025-12-07T17:09:05.137+04:00  INFO 51216 --- [kursnews-service] [http-nio-8081-exec-1] o.s.web.servlet.DispatcherServlet        : Initializing Servlet 'dispatcherServlet'
2025-12-07T17:09:05.138+04:00  INFO 51216 --- [kursnews-service] [http-nio-8081-exec-1] o.s.web.servlet.DispatcherServlet        : Completed initialization in 1 ms
2025-12-07T17:09:10.916+04:00  INFO 51216 --- [kursnews-service] [AsyncResolver-bootstrap-executor-0] c.n.d.s.r.aws.ConfigClusterResolver      : Resolving eureka endpoints via configuration
2025-12-07T17:14:10.918+04:00  INFO 51216 --- [kursnews-service] [AsyncResolver-bootstrap-executor-0] c.n.d.s.r.aws.ConfigClusterResolver      : Resolving eureka endpoints via configuration
2025-12-07T17:19:10.924+04:00  INFO 51216 --- [kursnews-service] [AsyncResolver-bootstrap-executor-0] c.n.d.s.r.aws.ConfigClusterResolver      : Resolving eureka endpoints via configuration
2025-12-07T17:24:10.930+04:00  INFO 51216 --- [kursnews-service] [AsyncResolver-bootstrap-executor-0] c.n.d.s.r.aws.ConfigClusterResolver      : Resolving eureka endpoints via configuration
2025-12-07T17:29:10.934+04:00  INFO 51216 --- [kursnews-service] [AsyncResolver-bootstrap-executor-0] c.n.d.s.r.aws.ConfigClusterResolver      : Resolving eureka endpoints via configuration
2025-12-07T17:34:10.949+04:00  INFO 51216 --- [kursnews-service] [AsyncResolver-bootstrap-executor-0] c.n.d.s.r.aws.ConfigClusterResolver      : Resolving eureka endpoints via configuration
2025-12-07T17:39:10.953+04:00  INFO 51216 --- [kursnews-service] [AsyncResolver-bootstrap-executor-0] c.n.d.s.r.aws.ConfigClusterResolver      : Resolving eureka endpoints via configuration
2025-12-07T17:44:10.969+04:00  INFO 51216 --- [kursnews-service] [AsyncResolver-bootstrap-executor-0] c.n.d.s.r.aws.ConfigClusterResolver      : Resolving eureka endpoints via configuration
2025-12-07T17:49:10.982+04:00  INFO 51216 --- [kursnews-service] [AsyncResolver-bootstrap-executor-0] c.n.d.s.r.aws.ConfigClusterResolver      : Resolving eureka endpoints via configuration
2025-12-07T17:53:53.368+04:00  INFO 51216 --- [kursnews-service] [http-nio-8081-exec-5] c.e.K.services.KafkaProducerService      : Sending comment notification event to Kafka: CommentNotificationEvent(commentId=1d7c59a5-560b-4d46-a1f5-113fc5c76ca6, newsId=297e9d3d-56b1-4af3-adbb-8eccb8d9baa4, newsAuthorId=1cb23e39-ee49-46f5-8592-91c6ab32ef97, commentAuthorId=1cb23e39-ee49-46f5-8592-91c6ab32ef97, commentBody=Супер, newsTitle=фыв, userEmail=paxa.master3000@yandex.ru, timestamp=1765115633368)
2025-12-07T17:53:53.418+04:00  INFO 51216 --- [kursnews-service] [http-nio-8081-exec-5] o.a.k.clients.producer.ProducerConfig    : ProducerConfig values: 
	acks = -1
	auto.include.jmx.reporter = true
	batch.size = 16384
	bootstrap.servers = [localhost:9092]
	buffer.memory = 33554432
	client.dns.lookup = use_all_dns_ips
	client.id = producer-1
	compression.type = none
	connections.max.idle.ms = 540000
	delivery.timeout.ms = 120000
	enable.idempotence = true
	interceptor.classes = []
	key.serializer = class org.apache.kafka.common.serialization.StringSerializer
	linger.ms = 0
	max.block.ms = 60000
	max.in.flight.requests.per.connection = 5
	max.request.size = 1048576
	metadata.max.age.ms = 300000
	metadata.max.idle.ms = 300000
	metric.reporters = []
	metrics.num.samples = 2
	metrics.recording.level = INFO
	metrics.sample.window.ms = 30000
	partitioner.adaptive.partitioning.enable = true
	partitioner.availability.timeout.ms = 0
	partitioner.class = null
	partitioner.ignore.keys = false
	receive.buffer.bytes = 32768
	reconnect.backoff.max.ms = 1000
	reconnect.backoff.ms = 50
	request.timeout.ms = 30000
	retries = 2147483647
	retry.backoff.ms = 100
	sasl.client.callback.handler.class = null
	sasl.jaas.config = null
	sasl.kerberos.kinit.cmd = /usr/bin/kinit
	sasl.kerberos.min.time.before.relogin = 60000
	sasl.kerberos.service.name = null
	sasl.kerberos.ticket.renew.jitter = 0.05
	sasl.kerberos.ticket.renew.window.factor = 0.8
	sasl.login.callback.handler.class = null
	sasl.login.class = null
	sasl.login.connect.timeout.ms = null
	sasl.login.read.timeout.ms = null
	sasl.login.refresh.buffer.seconds = 300
	sasl.login.refresh.min.period.seconds = 60
	sasl.login.refresh.window.factor = 0.8
	sasl.login.refresh.window.jitter = 0.05
	sasl.login.retry.backoff.max.ms = 10000
	sasl.login.retry.backoff.ms = 100
	sasl.mechanism = GSSAPI
	sasl.oauthbearer.clock.skew.seconds = 30
	sasl.oauthbearer.expected.audience = null
	sasl.oauthbearer.expected.issuer = null
	sasl.oauthbearer.jwks.endpoint.refresh.ms = 3600000
	sasl.oauthbearer.jwks.endpoint.retry.backoff.max.ms = 10000
	sasl.oauthbearer.jwks.endpoint.retry.backoff.ms = 100
	sasl.oauthbearer.jwks.endpoint.url = null
	sasl.oauthbearer.scope.claim.name = scope
	sasl.oauthbearer.sub.claim.name = sub
	sasl.oauthbearer.token.endpoint.url = null
	security.protocol = PLAINTEXT
	security.providers = null
	send.buffer.bytes = 131072
	socket.connection.setup.timeout.max.ms = 30000
	socket.connection.setup.timeout.ms = 10000
	ssl.cipher.suites = null
	ssl.enabled.protocols = [TLSv1.2, TLSv1.3]
	ssl.endpoint.identification.algorithm = https
	ssl.engine.factory.class = null
	ssl.key.password = null
	ssl.keymanager.algorithm = SunX509
	ssl.keystore.certificate.chain = null
	ssl.keystore.key = null
	ssl.keystore.location = null
	ssl.keystore.password = null
	ssl.keystore.type = JKS
	ssl.protocol = TLSv1.3
	ssl.provider = null
	ssl.secure.random.implementation = null
	ssl.trustmanager.algorithm = PKIX
	ssl.truststore.certificates = null
	ssl.truststore.location = null
	ssl.truststore.password = null
	ssl.truststore.type = JKS
	transaction.timeout.ms = 60000
	transactional.id = null
	value.serializer = class org.springframework.kafka.support.serializer.JsonSerializer

2025-12-07T17:53:53.455+04:00  INFO 51216 --- [kursnews-service] [http-nio-8081-exec-5] o.a.k.clients.producer.KafkaProducer     : [Producer clientId=producer-1] Instantiated an idempotent producer.
2025-12-07T17:53:53.508+04:00  INFO 51216 --- [kursnews-service] [http-nio-8081-exec-5] o.a.kafka.common.utils.AppInfoParser     : Kafka version: 3.6.2
2025-12-07T17:53:53.508+04:00  INFO 51216 --- [kursnews-service] [http-nio-8081-exec-5] o.a.kafka.common.utils.AppInfoParser     : Kafka commitId: c4deed513057c94e
2025-12-07T17:53:53.508+04:00  INFO 51216 --- [kursnews-service] [http-nio-8081-exec-5] o.a.kafka.common.utils.AppInfoParser     : Kafka startTimeMs: 1765115633506
2025-12-07T17:53:53.932+04:00  INFO 51216 --- [kursnews-service] [kafka-producer-network-thread | producer-1] org.apache.kafka.clients.Metadata        : [Producer clientId=producer-1] Cluster ID: V1QSmycrQ-SUkyeMPOqXAQ
2025-12-07T17:53:53.944+04:00  INFO 51216 --- [kursnews-service] [kafka-producer-network-thread | producer-1] o.a.k.c.p.internals.TransactionManager   : [Producer clientId=producer-1] ProducerId set to 0 with epoch 0
2025-12-07T17:53:53.993+04:00  INFO 51216 --- [kursnews-service] [kafka-producer-network-thread | producer-1] c.e.K.services.KafkaProducerService      : Comment notification sent successfully: offset=0
2025-12-07T17:54:10.982+04:00  INFO 51216 --- [kursnews-service] [AsyncResolver-bootstrap-executor-0] c.n.d.s.r.aws.ConfigClusterResolver      : Resolving eureka endpoints via configuration
2025-12-07T17:54:53.854+04:00  INFO 51216 --- [kursnews-service] [SpringApplicationShutdownHook] o.s.c.n.e.s.EurekaServiceRegistry        : Unregistering application KURSNEWS-SERVICE with eureka with status DOWN
2025-12-07T17:54:53.854+04:00  INFO 51216 --- [kursnews-service] [SpringApplicationShutdownHook] com.netflix.discovery.DiscoveryClient    : Saw local status change event StatusChangeEvent [timestamp=1765115693854, current=DOWN, previous=UP]
2025-12-07T17:54:53.854+04:00  INFO 51216 --- [kursnews-service] [DiscoveryClient-InstanceInfoReplicator-0] com.netflix.discovery.DiscoveryClient    : DiscoveryClient_KURSNEWS-SERVICE/kursnews-service:8081: registering service...
2025-12-07T17:54:53.863+04:00  INFO 51216 --- [kursnews-service] [SpringApplicationShutdownHook] o.a.k.clients.producer.KafkaProducer     : [Producer clientId=producer-1] Closing the Kafka producer with timeoutMillis = 30000 ms.
2025-12-07T17:54:53.866+04:00  INFO 51216 --- [kursnews-service] [SpringApplicationShutdownHook] o.apache.kafka.common.metrics.Metrics    : Metrics scheduler closed
2025-12-07T17:54:53.867+04:00  INFO 51216 --- [kursnews-service] [SpringApplicationShutdownHook] o.apache.kafka.common.metrics.Metrics    : Closing reporter org.apache.kafka.common.metrics.JmxReporter
2025-12-07T17:54:53.867+04:00  INFO 51216 --- [kursnews-service] [SpringApplicationShutdownHook] o.apache.kafka.common.metrics.Metrics    : Metrics reporters closed
2025-12-07T17:54:53.867+04:00  INFO 51216 --- [kursnews-service] [SpringApplicationShutdownHook] o.a.kafka.common.utils.AppInfoParser     : App info kafka.producer for producer-1 unregistered
2025-12-07T17:54:53.869+04:00  INFO 51216 --- [kursnews-service] [SpringApplicationShutdownHook] j.LocalContainerEntityManagerFactoryBean : Closing JPA EntityManagerFactory for persistence unit 'default'
2025-12-07T17:54:53.872+04:00  INFO 51216 --- [kursnews-service] [DiscoveryClient-InstanceInfoReplicator-0] com.netflix.discovery.DiscoveryClient    : DiscoveryClient_KURSNEWS-SERVICE/kursnews-service:8081 - registration status: 204
2025-12-07T17:54:53.875+04:00  INFO 51216 --- [kursnews-service] [SpringApplicationShutdownHook] com.zaxxer.hikari.HikariDataSource       : HikariPool-1 - Shutdown initiated...
2025-12-07T17:54:53.877+04:00  INFO 51216 --- [kursnews-service] [SpringApplicationShutdownHook] com.zaxxer.hikari.HikariDataSource       : HikariPool-1 - Shutdown completed.
2025-12-07T17:54:53.879+04:00  INFO 51216 --- [kursnews-service] [SpringApplicationShutdownHook] com.netflix.discovery.DiscoveryClient    : Shutting down DiscoveryClient ...
2025-12-07T17:54:56.252+04:00  INFO 57884 --- [kursnews-service] [restartedMain] c.example.KursNews.KursNewsApplication   : Starting KursNewsApplication using Java 22.0.1 with PID 57884 (C:\Users\p.vasiliev\IdeaProjects\HighLoad\KursNews\target\classes started by p.vasiliev in C:\Users\p.vasiliev\IdeaProjects\HighLoad)
2025-12-07T17:54:56.254+04:00 DEBUG 57884 --- [kursnews-service] [restartedMain] c.example.KursNews.KursNewsApplication   : Running with Spring Boot v3.2.5, Spring v6.1.6
2025-12-07T17:54:56.255+04:00  INFO 57884 --- [kursnews-service] [restartedMain] c.example.KursNews.KursNewsApplication   : No active profile set, falling back to 1 default profile: "default"
2025-12-07T17:54:56.331+04:00  INFO 57884 --- [kursnews-service] [restartedMain] .e.DevToolsPropertyDefaultsPostProcessor : Devtools property defaults active! Set 'spring.devtools.add-properties' to 'false' to disable
2025-12-07T17:54:56.331+04:00  INFO 57884 --- [kursnews-service] [restartedMain] .e.DevToolsPropertyDefaultsPostProcessor : For additional web related logging consider setting the 'logging.level.web' property to 'DEBUG'
2025-12-07T17:54:57.137+04:00  INFO 57884 --- [kursnews-service] [restartedMain] .s.d.r.c.RepositoryConfigurationDelegate : Bootstrapping Spring Data JPA repositories in DEFAULT mode.
2025-12-07T17:54:57.240+04:00  INFO 57884 --- [kursnews-service] [restartedMain] .s.d.r.c.RepositoryConfigurationDelegate : Finished Spring Data repository scanning in 98 ms. Found 4 JPA repository interfaces.
2025-12-07T17:54:57.513+04:00  INFO 57884 --- [kursnews-service] [restartedMain] o.s.cloud.context.scope.GenericScope     : BeanFactory id=191c6f0a-6544-303b-8039-942f3a57ec6f
2025-12-07T17:54:57.646+04:00  WARN 57884 --- [kursnews-service] [restartedMain] trationDelegate$BeanPostProcessorChecker : Bean 'org.springframework.cloud.client.loadbalancer.LoadBalancerAutoConfiguration$RetryInterceptorAutoConfiguration' of type [org.springframework.cloud.client.loadbalancer.LoadBalancerAutoConfiguration$RetryInterceptorAutoConfiguration] is not eligible for getting processed by all BeanPostProcessors (for example: not eligible for auto-proxying). The currently created BeanPostProcessor [lbRestClientPostProcessor] is declared through a non-static factory method on that class; consider declaring it as static instead.
2025-12-07T17:54:57.648+04:00  WARN 57884 --- [kursnews-service] [restartedMain] trationDelegate$BeanPostProcessorChecker : Bean 'org.springframework.cloud.loadbalancer.config.BlockingLoadBalancerClientAutoConfiguration' of type [org.springframework.cloud.loadbalancer.config.BlockingLoadBalancerClientAutoConfiguration] is not eligible for getting processed by all BeanPostProcessors (for example: not eligible for auto-proxying). Is this bean getting eagerly injected into a currently created BeanPostProcessor [lbRestClientPostProcessor]? Check the corresponding BeanPostProcessor declaration and its dependencies.
2025-12-07T17:54:57.649+04:00  WARN 57884 --- [kursnews-service] [restartedMain] trationDelegate$BeanPostProcessorChecker : Bean 'org.springframework.cloud.loadbalancer.config.LoadBalancerAutoConfiguration' of type [org.springframework.cloud.loadbalancer.config.LoadBalancerAutoConfiguration] is not eligible for getting processed by all BeanPostProcessors (for example: not eligible for auto-proxying). Is this bean getting eagerly injected into a currently created BeanPostProcessor [lbRestClientPostProcessor]? Check the corresponding BeanPostProcessor declaration and its dependencies.
2025-12-07T17:54:57.657+04:00  WARN 57884 --- [kursnews-service] [restartedMain] trationDelegate$BeanPostProcessorChecker : Bean 'org.springframework.cloud.commons.config.CommonsConfigAutoConfiguration' of type [org.springframework.cloud.commons.config.CommonsConfigAutoConfiguration] is not eligible for getting processed by all BeanPostProcessors (for example: not eligible for auto-proxying). Is this bean getting eagerly injected into a currently created BeanPostProcessor [lbRestClientPostProcessor]? Check the corresponding BeanPostProcessor declaration and its dependencies.
2025-12-07T17:54:57.658+04:00  WARN 57884 --- [kursnews-service] [restartedMain] trationDelegate$BeanPostProcessorChecker : Bean 'org.springframework.cloud.client.loadbalancer.LoadBalancerDefaultMappingsProviderAutoConfiguration' of type [org.springframework.cloud.client.loadbalancer.LoadBalancerDefaultMappingsProviderAutoConfiguration] is not eligible for getting processed by all BeanPostProcessors (for example: not eligible for auto-proxying). Is this bean getting eagerly injected into a currently created BeanPostProcessor [lbRestClientPostProcessor]? Check the corresponding BeanPostProcessor declaration and its dependencies.
2025-12-07T17:54:57.659+04:00  WARN 57884 --- [kursnews-service] [restartedMain] trationDelegate$BeanPostProcessorChecker : Bean 'loadBalancerClientsDefaultsMappingsProvider' of type [org.springframework.cloud.client.loadbalancer.LoadBalancerDefaultMappingsProviderAutoConfiguration$$Lambda/0x000001ea813fe090] is not eligible for getting processed by all BeanPostProcessors (for example: not eligible for auto-proxying). Is this bean getting eagerly injected into a currently created BeanPostProcessor [lbRestClientPostProcessor]? Check the corresponding BeanPostProcessor declaration and its dependencies.
2025-12-07T17:54:57.660+04:00  WARN 57884 --- [kursnews-service] [restartedMain] trationDelegate$BeanPostProcessorChecker : Bean 'defaultsBindHandlerAdvisor' of type [org.springframework.cloud.commons.config.DefaultsBindHandlerAdvisor] is not eligible for getting processed by all BeanPostProcessors (for example: not eligible for auto-proxying). Is this bean getting eagerly injected into a currently created BeanPostProcessor [lbRestClientPostProcessor]? Check the corresponding BeanPostProcessor declaration and its dependencies.
2025-12-07T17:54:57.668+04:00  WARN 57884 --- [kursnews-service] [restartedMain] trationDelegate$BeanPostProcessorChecker : Bean 'spring.cloud.loadbalancer-org.springframework.cloud.client.loadbalancer.LoadBalancerClientsProperties' of type [org.springframework.cloud.client.loadbalancer.LoadBalancerClientsProperties] is not eligible for getting processed by all BeanPostProcessors (for example: not eligible for auto-proxying). Is this bean getting eagerly injected into a currently created BeanPostProcessor [lbRestClientPostProcessor]? Check the corresponding BeanPostProcessor declaration and its dependencies.
2025-12-07T17:54:57.673+04:00  WARN 57884 --- [kursnews-service] [restartedMain] trationDelegate$BeanPostProcessorChecker : Bean 'default.org.springframework.cloud.loadbalancer.config.LoadBalancerAutoConfiguration.LoadBalancerClientSpecification' of type [org.springframework.cloud.loadbalancer.annotation.LoadBalancerClientSpecification] is not eligible for getting processed by all BeanPostProcessors (for example: not eligible for auto-proxying). Is this bean getting eagerly injected into a currently created BeanPostProcessor [lbRestClientPostProcessor]? Check the corresponding BeanPostProcessor declaration and its dependencies.
2025-12-07T17:54:57.674+04:00  WARN 57884 --- [kursnews-service] [restartedMain] trationDelegate$BeanPostProcessorChecker : Bean 'default.org.springframework.cloud.loadbalancer.config.BlockingLoadBalancerClientAutoConfiguration.LoadBalancerClientSpecification' of type [org.springframework.cloud.loadbalancer.annotation.LoadBalancerClientSpecification] is not eligible for getting processed by all BeanPostProcessors (for example: not eligible for auto-proxying). Is this bean getting eagerly injected into a currently created BeanPostProcessor [lbRestClientPostProcessor]? Check the corresponding BeanPostProcessor declaration and its dependencies.
2025-12-07T17:54:57.675+04:00  WARN 57884 --- [kursnews-service] [restartedMain] trationDelegate$BeanPostProcessorChecker : Bean 'default.org.springframework.cloud.netflix.eureka.loadbalancer.LoadBalancerEurekaAutoConfiguration.LoadBalancerClientSpecification' of type [org.springframework.cloud.loadbalancer.annotation.LoadBalancerClientSpecification] is not eligible for getting processed by all BeanPostProcessors (for example: not eligible for auto-proxying). Is this bean getting eagerly injected into a currently created BeanPostProcessor [lbRestClientPostProcessor]? Check the corresponding BeanPostProcessor declaration and its dependencies.
2025-12-07T17:54:57.675+04:00  WARN 57884 --- [kursnews-service] [restartedMain] trationDelegate$BeanPostProcessorChecker : Bean 'loadBalancerClientFactory' of type [org.springframework.cloud.loadbalancer.support.LoadBalancerClientFactory] is not eligible for getting processed by all BeanPostProcessors (for example: not eligible for auto-proxying). Is this bean getting eagerly injected into a currently created BeanPostProcessor [lbRestClientPostProcessor]? Check the corresponding BeanPostProcessor declaration and its dependencies.
2025-12-07T17:54:57.682+04:00  WARN 57884 --- [kursnews-service] [restartedMain] trationDelegate$BeanPostProcessorChecker : Bean 'blockingLoadBalancerClient' of type [org.springframework.cloud.loadbalancer.blocking.client.BlockingLoadBalancerClient] is not eligible for getting processed by all BeanPostProcessors (for example: not eligible for auto-proxying). Is this bean getting eagerly injected into a currently created BeanPostProcessor [lbRestClientPostProcessor]? Check the corresponding BeanPostProcessor declaration and its dependencies.
2025-12-07T17:54:57.690+04:00  WARN 57884 --- [kursnews-service] [restartedMain] trationDelegate$BeanPostProcessorChecker : Bean 'loadBalancerServiceInstanceCookieTransformer' of type [org.springframework.cloud.loadbalancer.core.LoadBalancerServiceInstanceCookieTransformer] is not eligible for getting processed by all BeanPostProcessors (for example: not eligible for auto-proxying). Is this bean getting eagerly injected into a currently created BeanPostProcessor [lbRestClientPostProcessor]? Check the corresponding BeanPostProcessor declaration and its dependencies.
2025-12-07T17:54:57.691+04:00  WARN 57884 --- [kursnews-service] [restartedMain] trationDelegate$BeanPostProcessorChecker : Bean 'xForwarderHeadersTransformer' of type [org.springframework.cloud.loadbalancer.blocking.XForwardedHeadersTransformer] is not eligible for getting processed by all BeanPostProcessors (for example: not eligible for auto-proxying). Is this bean getting eagerly injected into a currently created BeanPostProcessor [lbRestClientPostProcessor]? Check the corresponding BeanPostProcessor declaration and its dependencies.
2025-12-07T17:54:57.692+04:00  WARN 57884 --- [kursnews-service] [restartedMain] trationDelegate$BeanPostProcessorChecker : Bean 'org.springframework.cloud.client.loadbalancer.LoadBalancerAutoConfiguration' of type [org.springframework.cloud.client.loadbalancer.LoadBalancerAutoConfiguration] is not eligible for getting processed by all BeanPostProcessors (for example: not eligible for auto-proxying). Is this bean getting eagerly injected into a currently created BeanPostProcessor [lbRestClientPostProcessor]? Check the corresponding BeanPostProcessor declaration and its dependencies.
2025-12-07T17:54:57.693+04:00  WARN 57884 --- [kursnews-service] [restartedMain] trationDelegate$BeanPostProcessorChecker : Bean 'loadBalancerRequestFactory' of type [org.springframework.cloud.client.loadbalancer.LoadBalancerRequestFactory] is not eligible for getting processed by all BeanPostProcessors (for example: not eligible for auto-proxying). Is this bean getting eagerly injected into a currently created BeanPostProcessor [lbRestClientPostProcessor]? Check the corresponding BeanPostProcessor declaration and its dependencies.
2025-12-07T17:54:57.694+04:00  WARN 57884 --- [kursnews-service] [restartedMain] trationDelegate$BeanPostProcessorChecker : Bean 'org.springframework.cloud.loadbalancer.config.BlockingLoadBalancerClientAutoConfiguration$BlockingLoadBalancerRetryConfig' of type [org.springframework.cloud.loadbalancer.config.BlockingLoadBalancerClientAutoConfiguration$BlockingLoadBalancerRetryConfig$$SpringCGLIB$$0] is not eligible for getting processed by all BeanPostProcessors (for example: not eligible for auto-proxying). Is this bean getting eagerly injected into a currently created BeanPostProcessor [lbRestClientPostProcessor]? Check the corresponding BeanPostProcessor declaration and its dependencies.
2025-12-07T17:54:57.696+04:00  WARN 57884 --- [kursnews-service] [restartedMain] trationDelegate$BeanPostProcessorChecker : Bean 'loadBalancedRetryFactory' of type [org.springframework.cloud.loadbalancer.blocking.retry.BlockingLoadBalancedRetryFactory] is not eligible for getting processed by all BeanPostProcessors (for example: not eligible for auto-proxying). Is this bean getting eagerly injected into a currently created BeanPostProcessor [lbRestClientPostProcessor]? Check the corresponding BeanPostProcessor declaration and its dependencies.
2025-12-07T17:54:57.700+04:00  WARN 57884 --- [kursnews-service] [restartedMain] trationDelegate$BeanPostProcessorChecker : Bean 'loadBalancerInterceptor' of type [org.springframework.cloud.client.loadbalancer.RetryLoadBalancerInterceptor] is not eligible for getting processed by all BeanPostProcessors (for example: not eligible for auto-proxying). Is this bean getting eagerly injected into a currently created BeanPostProcessor [lbRestClientPostProcessor]? Check the corresponding BeanPostProcessor declaration and its dependencies.
2025-12-07T17:54:58.155+04:00  INFO 57884 --- [kursnews-service] [restartedMain] o.s.b.w.embedded.tomcat.TomcatWebServer  : Tomcat initialized with port 8081 (http)
2025-12-07T17:54:58.175+04:00  INFO 57884 --- [kursnews-service] [restartedMain] o.apache.catalina.core.StandardService   : Starting service [Tomcat]
2025-12-07T17:54:58.175+04:00  INFO 57884 --- [kursnews-service] [restartedMain] o.apache.catalina.core.StandardEngine    : Starting Servlet engine: [Apache Tomcat/10.1.20]
2025-12-07T17:54:58.213+04:00  INFO 57884 --- [kursnews-service] [restartedMain] o.a.c.c.C.[Tomcat].[localhost].[/]       : Initializing Spring embedded WebApplicationContext
2025-12-07T17:54:58.213+04:00  INFO 57884 --- [kursnews-service] [restartedMain] w.s.c.ServletWebServerApplicationContext : Root WebApplicationContext: initialization completed in 1880 ms
2025-12-07T17:54:58.433+04:00  INFO 57884 --- [kursnews-service] [restartedMain] o.hibernate.jpa.internal.util.LogHelper  : HHH000204: Processing PersistenceUnitInfo [name: default]
2025-12-07T17:54:58.483+04:00  INFO 57884 --- [kursnews-service] [restartedMain] org.hibernate.Version                    : HHH000412: Hibernate ORM core version 6.4.4.Final
2025-12-07T17:54:58.502+04:00  INFO 57884 --- [kursnews-service] [restartedMain] o.h.c.internal.RegionFactoryInitiator    : HHH000026: Second-level cache disabled
2025-12-07T17:54:58.700+04:00  INFO 57884 --- [kursnews-service] [restartedMain] o.s.o.j.p.SpringPersistenceUnitInfo      : No LoadTimeWeaver setup: ignoring JPA class transformer
2025-12-07T17:54:58.722+04:00  INFO 57884 --- [kursnews-service] [restartedMain] com.zaxxer.hikari.HikariDataSource       : HikariPool-1 - Starting...
2025-12-07T17:54:58.806+04:00  INFO 57884 --- [kursnews-service] [restartedMain] com.zaxxer.hikari.pool.HikariPool        : HikariPool-1 - Added connection org.postgresql.jdbc.PgConnection@1e7e29d1
2025-12-07T17:54:58.807+04:00  INFO 57884 --- [kursnews-service] [restartedMain] com.zaxxer.hikari.HikariDataSource       : HikariPool-1 - Start completed.
2025-12-07T17:54:59.514+04:00  INFO 57884 --- [kursnews-service] [restartedMain] o.h.e.t.j.p.i.JtaPlatformInitiator       : HHH000489: No JTA platform available (set 'hibernate.transaction.jta.platform' to enable JTA platform integration)
2025-12-07T17:54:59.555+04:00  INFO 57884 --- [kursnews-service] [restartedMain] j.LocalContainerEntityManagerFactoryBean : Initialized JPA EntityManagerFactory for persistence unit 'default'
2025-12-07T17:54:59.959+04:00  WARN 57884 --- [kursnews-service] [restartedMain] JpaBaseConfiguration$JpaWebConfiguration : spring.jpa.open-in-view is enabled by default. Therefore, database queries may be performed during view rendering. Explicitly configure spring.jpa.open-in-view to disable this warning
2025-12-07T17:55:00.400+04:00  WARN 57884 --- [kursnews-service] [restartedMain] o.s.b.d.a.OptionalLiveReloadServer       : Unable to start LiveReload server
2025-12-07T17:55:00.448+04:00  INFO 57884 --- [kursnews-service] [restartedMain] DiscoveryClientOptionalArgsConfiguration : Eureka HTTP Client uses RestTemplate.
2025-12-07T17:55:00.496+04:00  WARN 57884 --- [kursnews-service] [restartedMain] iguration$LoadBalancerCaffeineWarnLogger : Spring Cloud LoadBalancer is currently working with the default cache. While this cache implementation is useful for development and tests, it's recommended to use Caffeine cache in production.You can switch to using Caffeine cache, by adding it and org.springframework.cache.caffeine.CaffeineCacheManager to the classpath.
2025-12-07T17:55:00.530+04:00  INFO 57884 --- [kursnews-service] [restartedMain] o.s.c.n.eureka.InstanceInfoFactory       : Setting initial instance status as: STARTING
2025-12-07T17:55:00.641+04:00  INFO 57884 --- [kursnews-service] [restartedMain] com.netflix.discovery.DiscoveryClient    : Initializing Eureka in region us-east-1
2025-12-07T17:55:00.648+04:00  INFO 57884 --- [kursnews-service] [restartedMain] c.n.d.s.r.aws.ConfigClusterResolver      : Resolving eureka endpoints via configuration
2025-12-07T17:55:00.667+04:00  INFO 57884 --- [kursnews-service] [restartedMain] com.netflix.discovery.DiscoveryClient    : Disable delta property : false
2025-12-07T17:55:00.667+04:00  INFO 57884 --- [kursnews-service] [restartedMain] com.netflix.discovery.DiscoveryClient    : Single vip registry refresh property : null
2025-12-07T17:55:00.667+04:00  INFO 57884 --- [kursnews-service] [restartedMain] com.netflix.discovery.DiscoveryClient    : Force full registry fetch : false
2025-12-07T17:55:00.667+04:00  INFO 57884 --- [kursnews-service] [restartedMain] com.netflix.discovery.DiscoveryClient    : Application is null : false
2025-12-07T17:55:00.667+04:00  INFO 57884 --- [kursnews-service] [restartedMain] com.netflix.discovery.DiscoveryClient    : Registered Applications size is zero : true
2025-12-07T17:55:00.667+04:00  INFO 57884 --- [kursnews-service] [restartedMain] com.netflix.discovery.DiscoveryClient    : Application version is -1: true
2025-12-07T17:55:00.667+04:00  INFO 57884 --- [kursnews-service] [restartedMain] com.netflix.discovery.DiscoveryClient    : Getting all instance registry info from the eureka server
2025-12-07T17:55:00.954+04:00  INFO 57884 --- [kursnews-service] [restartedMain] com.netflix.discovery.DiscoveryClient    : The response status is 200
2025-12-07T17:55:00.955+04:00  INFO 57884 --- [kursnews-service] [restartedMain] com.netflix.discovery.DiscoveryClient    : Starting heartbeat executor: renew interval is: 30
2025-12-07T17:55:00.957+04:00  INFO 57884 --- [kursnews-service] [restartedMain] c.n.discovery.InstanceInfoReplicator     : InstanceInfoReplicator onDemand update allowed rate per min is 4
2025-12-07T17:55:00.959+04:00  INFO 57884 --- [kursnews-service] [restartedMain] com.netflix.discovery.DiscoveryClient    : Discovery Client initialized at timestamp 1765115700959 with initial instances count: 2
2025-12-07T17:55:00.961+04:00  INFO 57884 --- [kursnews-service] [restartedMain] o.s.c.n.e.s.EurekaServiceRegistry        : Registering application KURSNEWS-SERVICE with eureka with status UP
2025-12-07T17:55:00.961+04:00  INFO 57884 --- [kursnews-service] [restartedMain] com.netflix.discovery.DiscoveryClient    : Saw local status change event StatusChangeEvent [timestamp=1765115700961, current=UP, previous=STARTING]
2025-12-07T17:55:00.964+04:00  INFO 57884 --- [kursnews-service] [DiscoveryClient-InstanceInfoReplicator-0] com.netflix.discovery.DiscoveryClient    : DiscoveryClient_KURSNEWS-SERVICE/kursnews-service:8081: registering service...
2025-12-07T17:55:00.982+04:00  INFO 57884 --- [kursnews-service] [restartedMain] o.s.b.w.embedded.tomcat.TomcatWebServer  : Tomcat started on port 8081 (http) with context path ''
2025-12-07T17:55:00.983+04:00  INFO 57884 --- [kursnews-service] [restartedMain] .s.c.n.e.s.EurekaAutoServiceRegistration : Updating port to 8081
2025-12-07T17:55:00.995+04:00  INFO 57884 --- [kursnews-service] [restartedMain] c.example.KursNews.KursNewsApplication   : Started KursNewsApplication in 5.215 seconds (process running for 5.638)
2025-12-07T17:55:00.998+04:00  INFO 57884 --- [kursnews-service] [DiscoveryClient-InstanceInfoReplicator-0] com.netflix.discovery.DiscoveryClient    : DiscoveryClient_KURSNEWS-SERVICE/kursnews-service:8081 - registration status: 204
2025-12-07T18:00:00.678+04:00  INFO 57884 --- [kursnews-service] [AsyncResolver-bootstrap-executor-0] c.n.d.s.r.aws.ConfigClusterResolver      : Resolving eureka endpoints via configuration
2025-12-07T18:00:32.873+04:00  INFO 57884 --- [kursnews-service] [http-nio-8081-exec-1] o.a.c.c.C.[Tomcat].[localhost].[/]       : Initializing Spring DispatcherServlet 'dispatcherServlet'
2025-12-07T18:00:32.873+04:00  INFO 57884 --- [kursnews-service] [http-nio-8081-exec-1] o.s.web.servlet.DispatcherServlet        : Initializing Servlet 'dispatcherServlet'
2025-12-07T18:00:32.874+04:00  INFO 57884 --- [kursnews-service] [http-nio-8081-exec-1] o.s.web.servlet.DispatcherServlet        : Completed initialization in 1 ms
2025-12-07T18:00:33.027+04:00  INFO 57884 --- [kursnews-service] [http-nio-8081-exec-1] c.e.K.services.KafkaProducerService      : Sending comment notification event to Kafka: CommentNotificationEvent(commentId=ecff9a46-e1a9-4598-bbcb-638cd870b0f2, newsId=297e9d3d-56b1-4af3-adbb-8eccb8d9baa4, newsAuthorId=1cb23e39-ee49-46f5-8592-91c6ab32ef97, commentAuthorId=1cb23e39-ee49-46f5-8592-91c6ab32ef97, commentBody=ggg, newsTitle=фыв, userEmail=paxa.master3000@yandex.ru, timestamp=1765116033027)
2025-12-07T18:00:33.051+04:00  INFO 57884 --- [kursnews-service] [http-nio-8081-exec-1] o.a.k.clients.producer.ProducerConfig    : ProducerConfig values: 
	acks = -1
	auto.include.jmx.reporter = true
	batch.size = 16384
	bootstrap.servers = [localhost:9092]
	buffer.memory = 33554432
	client.dns.lookup = use_all_dns_ips
	client.id = producer-1
	compression.type = none
	connections.max.idle.ms = 540000
	delivery.timeout.ms = 120000
	enable.idempotence = true
	interceptor.classes = []
	key.serializer = class org.apache.kafka.common.serialization.StringSerializer
	linger.ms = 0
	max.block.ms = 60000
	max.in.flight.requests.per.connection = 5
	max.request.size = 1048576
	metadata.max.age.ms = 300000
	metadata.max.idle.ms = 300000
	metric.reporters = []
	metrics.num.samples = 2
	metrics.recording.level = INFO
	metrics.sample.window.ms = 30000
	partitioner.adaptive.partitioning.enable = true
	partitioner.availability.timeout.ms = 0
	partitioner.class = null
	partitioner.ignore.keys = false
	receive.buffer.bytes = 32768
	reconnect.backoff.max.ms = 1000
	reconnect.backoff.ms = 50
	request.timeout.ms = 30000
	retries = 2147483647
	retry.backoff.ms = 100
	sasl.client.callback.handler.class = null
	sasl.jaas.config = null
	sasl.kerberos.kinit.cmd = /usr/bin/kinit
	sasl.kerberos.min.time.before.relogin = 60000
	sasl.kerberos.service.name = null
	sasl.kerberos.ticket.renew.jitter = 0.05
	sasl.kerberos.ticket.renew.window.factor = 0.8
	sasl.login.callback.handler.class = null
	sasl.login.class = null
	sasl.login.connect.timeout.ms = null
	sasl.login.read.timeout.ms = null
	sasl.login.refresh.buffer.seconds = 300
	sasl.login.refresh.min.period.seconds = 60
	sasl.login.refresh.window.factor = 0.8
	sasl.login.refresh.window.jitter = 0.05
	sasl.login.retry.backoff.max.ms = 10000
	sasl.login.retry.backoff.ms = 100
	sasl.mechanism = GSSAPI
	sasl.oauthbearer.clock.skew.seconds = 30
	sasl.oauthbearer.expected.audience = null
	sasl.oauthbearer.expected.issuer = null
	sasl.oauthbearer.jwks.endpoint.refresh.ms = 3600000
	sasl.oauthbearer.jwks.endpoint.retry.backoff.max.ms = 10000
	sasl.oauthbearer.jwks.endpoint.retry.backoff.ms = 100
	sasl.oauthbearer.jwks.endpoint.url = null
	sasl.oauthbearer.scope.claim.name = scope
	sasl.oauthbearer.sub.claim.name = sub
	sasl.oauthbearer.token.endpoint.url = null
	security.protocol = PLAINTEXT
	security.providers = null
	send.buffer.bytes = 131072
	socket.connection.setup.timeout.max.ms = 30000
	socket.connection.setup.timeout.ms = 10000
	ssl.cipher.suites = null
	ssl.enabled.protocols = [TLSv1.2, TLSv1.3]
	ssl.endpoint.identification.algorithm = https
	ssl.engine.factory.class = null
	ssl.key.password = null
	ssl.keymanager.algorithm = SunX509
	ssl.keystore.certificate.chain = null
	ssl.keystore.key = null
	ssl.keystore.location = null
	ssl.keystore.password = null
	ssl.keystore.type = JKS
	ssl.protocol = TLSv1.3
	ssl.provider = null
	ssl.secure.random.implementation = null
	ssl.trustmanager.algorithm = PKIX
	ssl.truststore.certificates = null
	ssl.truststore.location = null
	ssl.truststore.password = null
	ssl.truststore.type = JKS
	transaction.timeout.ms = 60000
	transactional.id = null
	value.serializer = class org.springframework.kafka.support.serializer.JsonSerializer

2025-12-07T18:00:33.069+04:00  INFO 57884 --- [kursnews-service] [http-nio-8081-exec-1] o.a.k.clients.producer.KafkaProducer     : [Producer clientId=producer-1] Instantiated an idempotent producer.
2025-12-07T18:00:33.095+04:00  INFO 57884 --- [kursnews-service] [http-nio-8081-exec-1] o.a.kafka.common.utils.AppInfoParser     : Kafka version: 3.6.2
2025-12-07T18:00:33.096+04:00  INFO 57884 --- [kursnews-service] [http-nio-8081-exec-1] o.a.kafka.common.utils.AppInfoParser     : Kafka commitId: c4deed513057c94e
2025-12-07T18:00:33.096+04:00  INFO 57884 --- [kursnews-service] [http-nio-8081-exec-1] o.a.kafka.common.utils.AppInfoParser     : Kafka startTimeMs: 1765116033094
2025-12-07T18:00:33.324+04:00  INFO 57884 --- [kursnews-service] [kafka-producer-network-thread | producer-1] org.apache.kafka.clients.Metadata        : [Producer clientId=producer-1] Cluster ID: V1QSmycrQ-SUkyeMPOqXAQ
2025-12-07T18:00:33.325+04:00  INFO 57884 --- [kursnews-service] [kafka-producer-network-thread | producer-1] o.a.k.c.p.internals.TransactionManager   : [Producer clientId=producer-1] ProducerId set to 1 with epoch 0
2025-12-07T18:00:33.353+04:00  INFO 57884 --- [kursnews-service] [kafka-producer-network-thread | producer-1] c.e.K.services.KafkaProducerService      : Comment notification sent successfully: offset=1
2025-12-07T18:04:24.251+04:00  INFO 57884 --- [kursnews-service] [SpringApplicationShutdownHook] o.s.c.n.e.s.EurekaServiceRegistry        : Unregistering application KURSNEWS-SERVICE with eureka with status DOWN
2025-12-07T18:04:24.251+04:00  INFO 57884 --- [kursnews-service] [SpringApplicationShutdownHook] com.netflix.discovery.DiscoveryClient    : Saw local status change event StatusChangeEvent [timestamp=1765116264251, current=DOWN, previous=UP]
2025-12-07T18:04:24.251+04:00  INFO 57884 --- [kursnews-service] [DiscoveryClient-InstanceInfoReplicator-0] com.netflix.discovery.DiscoveryClient    : DiscoveryClient_KURSNEWS-SERVICE/kursnews-service:8081: registering service...
2025-12-07T18:04:24.259+04:00  INFO 57884 --- [kursnews-service] [SpringApplicationShutdownHook] o.a.k.clients.producer.KafkaProducer     : [Producer clientId=producer-1] Closing the Kafka producer with timeoutMillis = 30000 ms.
2025-12-07T18:04:24.262+04:00  INFO 57884 --- [kursnews-service] [DiscoveryClient-InstanceInfoReplicator-0] com.netflix.discovery.DiscoveryClient    : DiscoveryClient_KURSNEWS-SERVICE/kursnews-service:8081 - registration status: 204
2025-12-07T18:04:24.263+04:00  INFO 57884 --- [kursnews-service] [SpringApplicationShutdownHook] o.apache.kafka.common.metrics.Metrics    : Metrics scheduler closed
2025-12-07T18:04:24.263+04:00  INFO 57884 --- [kursnews-service] [SpringApplicationShutdownHook] o.apache.kafka.common.metrics.Metrics    : Closing reporter org.apache.kafka.common.metrics.JmxReporter
2025-12-07T18:04:24.263+04:00  INFO 57884 --- [kursnews-service] [SpringApplicationShutdownHook] o.apache.kafka.common.metrics.Metrics    : Metrics reporters closed
2025-12-07T18:04:24.264+04:00  INFO 57884 --- [kursnews-service] [SpringApplicationShutdownHook] o.a.kafka.common.utils.AppInfoParser     : App info kafka.producer for producer-1 unregistered
2025-12-07T18:04:24.265+04:00  INFO 57884 --- [kursnews-service] [SpringApplicationShutdownHook] j.LocalContainerEntityManagerFactoryBean : Closing JPA EntityManagerFactory for persistence unit 'default'
2025-12-07T18:04:24.268+04:00  INFO 57884 --- [kursnews-service] [SpringApplicationShutdownHook] com.zaxxer.hikari.HikariDataSource       : HikariPool-1 - Shutdown initiated...
2025-12-07T18:04:24.270+04:00  INFO 57884 --- [kursnews-service] [SpringApplicationShutdownHook] com.zaxxer.hikari.HikariDataSource       : HikariPool-1 - Shutdown completed.
2025-12-07T18:04:24.271+04:00  INFO 57884 --- [kursnews-service] [SpringApplicationShutdownHook] com.netflix.discovery.DiscoveryClient    : Shutting down DiscoveryClient ...
2025-12-07T18:04:29.132+04:00  INFO 110976 --- [kursnews-service] [restartedMain] c.example.KursNews.KursNewsApplication   : Starting KursNewsApplication using Java 22.0.1 with PID 110976 (C:\Users\p.vasiliev\IdeaProjects\HighLoad\KursNews\target\classes started by p.vasiliev in C:\Users\p.vasiliev\IdeaProjects\HighLoad)
2025-12-07T18:04:29.134+04:00 DEBUG 110976 --- [kursnews-service] [restartedMain] c.example.KursNews.KursNewsApplication   : Running with Spring Boot v3.2.5, Spring v6.1.6
2025-12-07T18:04:29.135+04:00  INFO 110976 --- [kursnews-service] [restartedMain] c.example.KursNews.KursNewsApplication   : No active profile set, falling back to 1 default profile: "default"
2025-12-07T18:04:29.202+04:00  INFO 110976 --- [kursnews-service] [restartedMain] .e.DevToolsPropertyDefaultsPostProcessor : Devtools property defaults active! Set 'spring.devtools.add-properties' to 'false' to disable
2025-12-07T18:04:29.202+04:00  INFO 110976 --- [kursnews-service] [restartedMain] .e.DevToolsPropertyDefaultsPostProcessor : For additional web related logging consider setting the 'logging.level.web' property to 'DEBUG'
2025-12-07T18:04:29.942+04:00  INFO 110976 --- [kursnews-service] [restartedMain] .s.d.r.c.RepositoryConfigurationDelegate : Bootstrapping Spring Data JPA repositories in DEFAULT mode.
2025-12-07T18:04:30.050+04:00  INFO 110976 --- [kursnews-service] [restartedMain] .s.d.r.c.RepositoryConfigurationDelegate : Finished Spring Data repository scanning in 102 ms. Found 4 JPA repository interfaces.
2025-12-07T18:04:30.312+04:00  INFO 110976 --- [kursnews-service] [restartedMain] o.s.cloud.context.scope.GenericScope     : BeanFactory id=191c6f0a-6544-303b-8039-942f3a57ec6f
2025-12-07T18:04:30.439+04:00  WARN 110976 --- [kursnews-service] [restartedMain] trationDelegate$BeanPostProcessorChecker : Bean 'org.springframework.cloud.client.loadbalancer.LoadBalancerAutoConfiguration$RetryInterceptorAutoConfiguration' of type [org.springframework.cloud.client.loadbalancer.LoadBalancerAutoConfiguration$RetryInterceptorAutoConfiguration] is not eligible for getting processed by all BeanPostProcessors (for example: not eligible for auto-proxying). The currently created BeanPostProcessor [lbRestClientPostProcessor] is declared through a non-static factory method on that class; consider declaring it as static instead.
2025-12-07T18:04:30.441+04:00  WARN 110976 --- [kursnews-service] [restartedMain] trationDelegate$BeanPostProcessorChecker : Bean 'org.springframework.cloud.loadbalancer.config.BlockingLoadBalancerClientAutoConfiguration' of type [org.springframework.cloud.loadbalancer.config.BlockingLoadBalancerClientAutoConfiguration] is not eligible for getting processed by all BeanPostProcessors (for example: not eligible for auto-proxying). Is this bean getting eagerly injected into a currently created BeanPostProcessor [lbRestClientPostProcessor]? Check the corresponding BeanPostProcessor declaration and its dependencies.
2025-12-07T18:04:30.442+04:00  WARN 110976 --- [kursnews-service] [restartedMain] trationDelegate$BeanPostProcessorChecker : Bean 'org.springframework.cloud.loadbalancer.config.LoadBalancerAutoConfiguration' of type [org.springframework.cloud.loadbalancer.config.LoadBalancerAutoConfiguration] is not eligible for getting processed by all BeanPostProcessors (for example: not eligible for auto-proxying). Is this bean getting eagerly injected into a currently created BeanPostProcessor [lbRestClientPostProcessor]? Check the corresponding BeanPostProcessor declaration and its dependencies.
2025-12-07T18:04:30.450+04:00  WARN 110976 --- [kursnews-service] [restartedMain] trationDelegate$BeanPostProcessorChecker : Bean 'org.springframework.cloud.commons.config.CommonsConfigAutoConfiguration' of type [org.springframework.cloud.commons.config.CommonsConfigAutoConfiguration] is not eligible for getting processed by all BeanPostProcessors (for example: not eligible for auto-proxying). Is this bean getting eagerly injected into a currently created BeanPostProcessor [lbRestClientPostProcessor]? Check the corresponding BeanPostProcessor declaration and its dependencies.
2025-12-07T18:04:30.451+04:00  WARN 110976 --- [kursnews-service] [restartedMain] trationDelegate$BeanPostProcessorChecker : Bean 'org.springframework.cloud.client.loadbalancer.LoadBalancerDefaultMappingsProviderAutoConfiguration' of type [org.springframework.cloud.client.loadbalancer.LoadBalancerDefaultMappingsProviderAutoConfiguration] is not eligible for getting processed by all BeanPostProcessors (for example: not eligible for auto-proxying). Is this bean getting eagerly injected into a currently created BeanPostProcessor [lbRestClientPostProcessor]? Check the corresponding BeanPostProcessor declaration and its dependencies.
2025-12-07T18:04:30.452+04:00  WARN 110976 --- [kursnews-service] [restartedMain] trationDelegate$BeanPostProcessorChecker : Bean 'loadBalancerClientsDefaultsMappingsProvider' of type [org.springframework.cloud.client.loadbalancer.LoadBalancerDefaultMappingsProviderAutoConfiguration$$Lambda/0x00000200253fa348] is not eligible for getting processed by all BeanPostProcessors (for example: not eligible for auto-proxying). Is this bean getting eagerly injected into a currently created BeanPostProcessor [lbRestClientPostProcessor]? Check the corresponding BeanPostProcessor declaration and its dependencies.
2025-12-07T18:04:30.453+04:00  WARN 110976 --- [kursnews-service] [restartedMain] trationDelegate$BeanPostProcessorChecker : Bean 'defaultsBindHandlerAdvisor' of type [org.springframework.cloud.commons.config.DefaultsBindHandlerAdvisor] is not eligible for getting processed by all BeanPostProcessors (for example: not eligible for auto-proxying). Is this bean getting eagerly injected into a currently created BeanPostProcessor [lbRestClientPostProcessor]? Check the corresponding BeanPostProcessor declaration and its dependencies.
2025-12-07T18:04:30.461+04:00  WARN 110976 --- [kursnews-service] [restartedMain] trationDelegate$BeanPostProcessorChecker : Bean 'spring.cloud.loadbalancer-org.springframework.cloud.client.loadbalancer.LoadBalancerClientsProperties' of type [org.springframework.cloud.client.loadbalancer.LoadBalancerClientsProperties] is not eligible for getting processed by all BeanPostProcessors (for example: not eligible for auto-proxying). Is this bean getting eagerly injected into a currently created BeanPostProcessor [lbRestClientPostProcessor]? Check the corresponding BeanPostProcessor declaration and its dependencies.
2025-12-07T18:04:30.468+04:00  WARN 110976 --- [kursnews-service] [restartedMain] trationDelegate$BeanPostProcessorChecker : Bean 'default.org.springframework.cloud.loadbalancer.config.LoadBalancerAutoConfiguration.LoadBalancerClientSpecification' of type [org.springframework.cloud.loadbalancer.annotation.LoadBalancerClientSpecification] is not eligible for getting processed by all BeanPostProcessors (for example: not eligible for auto-proxying). Is this bean getting eagerly injected into a currently created BeanPostProcessor [lbRestClientPostProcessor]? Check the corresponding BeanPostProcessor declaration and its dependencies.
2025-12-07T18:04:30.469+04:00  WARN 110976 --- [kursnews-service] [restartedMain] trationDelegate$BeanPostProcessorChecker : Bean 'default.org.springframework.cloud.loadbalancer.config.BlockingLoadBalancerClientAutoConfiguration.LoadBalancerClientSpecification' of type [org.springframework.cloud.loadbalancer.annotation.LoadBalancerClientSpecification] is not eligible for getting processed by all BeanPostProcessors (for example: not eligible for auto-proxying). Is this bean getting eagerly injected into a currently created BeanPostProcessor [lbRestClientPostProcessor]? Check the corresponding BeanPostProcessor declaration and its dependencies.
2025-12-07T18:04:30.470+04:00  WARN 110976 --- [kursnews-service] [restartedMain] trationDelegate$BeanPostProcessorChecker : Bean 'default.org.springframework.cloud.netflix.eureka.loadbalancer.LoadBalancerEurekaAutoConfiguration.LoadBalancerClientSpecification' of type [org.springframework.cloud.loadbalancer.annotation.LoadBalancerClientSpecification] is not eligible for getting processed by all BeanPostProcessors (for example: not eligible for auto-proxying). Is this bean getting eagerly injected into a currently created BeanPostProcessor [lbRestClientPostProcessor]? Check the corresponding BeanPostProcessor declaration and its dependencies.
2025-12-07T18:04:30.471+04:00  WARN 110976 --- [kursnews-service] [restartedMain] trationDelegate$BeanPostProcessorChecker : Bean 'loadBalancerClientFactory' of type [org.springframework.cloud.loadbalancer.support.LoadBalancerClientFactory] is not eligible for getting processed by all BeanPostProcessors (for example: not eligible for auto-proxying). Is this bean getting eagerly injected into a currently created BeanPostProcessor [lbRestClientPostProcessor]? Check the corresponding BeanPostProcessor declaration and its dependencies.
2025-12-07T18:04:30.477+04:00  WARN 110976 --- [kursnews-service] [restartedMain] trationDelegate$BeanPostProcessorChecker : Bean 'blockingLoadBalancerClient' of type [org.springframework.cloud.loadbalancer.blocking.client.BlockingLoadBalancerClient] is not eligible for getting processed by all BeanPostProcessors (for example: not eligible for auto-proxying). Is this bean getting eagerly injected into a currently created BeanPostProcessor [lbRestClientPostProcessor]? Check the corresponding BeanPostProcessor declaration and its dependencies.
2025-12-07T18:04:30.485+04:00  WARN 110976 --- [kursnews-service] [restartedMain] trationDelegate$BeanPostProcessorChecker : Bean 'loadBalancerServiceInstanceCookieTransformer' of type [org.springframework.cloud.loadbalancer.core.LoadBalancerServiceInstanceCookieTransformer] is not eligible for getting processed by all BeanPostProcessors (for example: not eligible for auto-proxying). Is this bean getting eagerly injected into a currently created BeanPostProcessor [lbRestClientPostProcessor]? Check the corresponding BeanPostProcessor declaration and its dependencies.
2025-12-07T18:04:30.486+04:00  WARN 110976 --- [kursnews-service] [restartedMain] trationDelegate$BeanPostProcessorChecker : Bean 'xForwarderHeadersTransformer' of type [org.springframework.cloud.loadbalancer.blocking.XForwardedHeadersTransformer] is not eligible for getting processed by all BeanPostProcessors (for example: not eligible for auto-proxying). Is this bean getting eagerly injected into a currently created BeanPostProcessor [lbRestClientPostProcessor]? Check the corresponding BeanPostProcessor declaration and its dependencies.
2025-12-07T18:04:30.488+04:00  WARN 110976 --- [kursnews-service] [restartedMain] trationDelegate$BeanPostProcessorChecker : Bean 'org.springframework.cloud.client.loadbalancer.LoadBalancerAutoConfiguration' of type [org.springframework.cloud.client.loadbalancer.LoadBalancerAutoConfiguration] is not eligible for getting processed by all BeanPostProcessors (for example: not eligible for auto-proxying). Is this bean getting eagerly injected into a currently created BeanPostProcessor [lbRestClientPostProcessor]? Check the corresponding BeanPostProcessor declaration and its dependencies.
2025-12-07T18:04:30.489+04:00  WARN 110976 --- [kursnews-service] [restartedMain] trationDelegate$BeanPostProcessorChecker : Bean 'loadBalancerRequestFactory' of type [org.springframework.cloud.client.loadbalancer.LoadBalancerRequestFactory] is not eligible for getting processed by all BeanPostProcessors (for example: not eligible for auto-proxying). Is this bean getting eagerly injected into a currently created BeanPostProcessor [lbRestClientPostProcessor]? Check the corresponding BeanPostProcessor declaration and its dependencies.
2025-12-07T18:04:30.491+04:00  WARN 110976 --- [kursnews-service] [restartedMain] trationDelegate$BeanPostProcessorChecker : Bean 'org.springframework.cloud.loadbalancer.config.BlockingLoadBalancerClientAutoConfiguration$BlockingLoadBalancerRetryConfig' of type [org.springframework.cloud.loadbalancer.config.BlockingLoadBalancerClientAutoConfiguration$BlockingLoadBalancerRetryConfig$$SpringCGLIB$$0] is not eligible for getting processed by all BeanPostProcessors (for example: not eligible for auto-proxying). Is this bean getting eagerly injected into a currently created BeanPostProcessor [lbRestClientPostProcessor]? Check the corresponding BeanPostProcessor declaration and its dependencies.
2025-12-07T18:04:30.494+04:00  WARN 110976 --- [kursnews-service] [restartedMain] trationDelegate$BeanPostProcessorChecker : Bean 'loadBalancedRetryFactory' of type [org.springframework.cloud.loadbalancer.blocking.retry.BlockingLoadBalancedRetryFactory] is not eligible for getting processed by all BeanPostProcessors (for example: not eligible for auto-proxying). Is this bean getting eagerly injected into a currently created BeanPostProcessor [lbRestClientPostProcessor]? Check the corresponding BeanPostProcessor declaration and its dependencies.
2025-12-07T18:04:30.500+04:00  WARN 110976 --- [kursnews-service] [restartedMain] trationDelegate$BeanPostProcessorChecker : Bean 'loadBalancerInterceptor' of type [org.springframework.cloud.client.loadbalancer.RetryLoadBalancerInterceptor] is not eligible for getting processed by all BeanPostProcessors (for example: not eligible for auto-proxying). Is this bean getting eagerly injected into a currently created BeanPostProcessor [lbRestClientPostProcessor]? Check the corresponding BeanPostProcessor declaration and its dependencies.
2025-12-07T18:04:31.030+04:00  INFO 110976 --- [kursnews-service] [restartedMain] o.s.b.w.embedded.tomcat.TomcatWebServer  : Tomcat initialized with port 8081 (http)
2025-12-07T18:04:31.046+04:00  INFO 110976 --- [kursnews-service] [restartedMain] o.apache.catalina.core.StandardService   : Starting service [Tomcat]
2025-12-07T18:04:31.046+04:00  INFO 110976 --- [kursnews-service] [restartedMain] o.apache.catalina.core.StandardEngine    : Starting Servlet engine: [Apache Tomcat/10.1.20]
2025-12-07T18:04:31.094+04:00  INFO 110976 --- [kursnews-service] [restartedMain] o.a.c.c.C.[Tomcat].[localhost].[/]       : Initializing Spring embedded WebApplicationContext
2025-12-07T18:04:31.095+04:00  INFO 110976 --- [kursnews-service] [restartedMain] w.s.c.ServletWebServerApplicationContext : Root WebApplicationContext: initialization completed in 1891 ms
2025-12-07T18:04:31.298+04:00  INFO 110976 --- [kursnews-service] [restartedMain] o.hibernate.jpa.internal.util.LogHelper  : HHH000204: Processing PersistenceUnitInfo [name: default]
2025-12-07T18:04:31.343+04:00  INFO 110976 --- [kursnews-service] [restartedMain] org.hibernate.Version                    : HHH000412: Hibernate ORM core version 6.4.4.Final
2025-12-07T18:04:31.367+04:00  INFO 110976 --- [kursnews-service] [restartedMain] o.h.c.internal.RegionFactoryInitiator    : HHH000026: Second-level cache disabled
2025-12-07T18:04:31.587+04:00  INFO 110976 --- [kursnews-service] [restartedMain] o.s.o.j.p.SpringPersistenceUnitInfo      : No LoadTimeWeaver setup: ignoring JPA class transformer
2025-12-07T18:04:31.612+04:00  INFO 110976 --- [kursnews-service] [restartedMain] com.zaxxer.hikari.HikariDataSource       : HikariPool-1 - Starting...
2025-12-07T18:04:31.703+04:00  INFO 110976 --- [kursnews-service] [restartedMain] com.zaxxer.hikari.pool.HikariPool        : HikariPool-1 - Added connection org.postgresql.jdbc.PgConnection@34875e8c
2025-12-07T18:04:31.704+04:00  INFO 110976 --- [kursnews-service] [restartedMain] com.zaxxer.hikari.HikariDataSource       : HikariPool-1 - Start completed.
2025-12-07T18:04:32.464+04:00  INFO 110976 --- [kursnews-service] [restartedMain] o.h.e.t.j.p.i.JtaPlatformInitiator       : HHH000489: No JTA platform available (set 'hibernate.transaction.jta.platform' to enable JTA platform integration)
2025-12-07T18:04:32.509+04:00  INFO 110976 --- [kursnews-service] [restartedMain] j.LocalContainerEntityManagerFactoryBean : Initialized JPA EntityManagerFactory for persistence unit 'default'
2025-12-07T18:04:33.049+04:00  WARN 110976 --- [kursnews-service] [restartedMain] JpaBaseConfiguration$JpaWebConfiguration : spring.jpa.open-in-view is enabled by default. Therefore, database queries may be performed during view rendering. Explicitly configure spring.jpa.open-in-view to disable this warning
2025-12-07T18:04:33.476+04:00  WARN 110976 --- [kursnews-service] [restartedMain] o.s.b.d.a.OptionalLiveReloadServer       : Unable to start LiveReload server
2025-12-07T18:04:33.548+04:00  INFO 110976 --- [kursnews-service] [restartedMain] DiscoveryClientOptionalArgsConfiguration : Eureka HTTP Client uses RestTemplate.
2025-12-07T18:04:33.602+04:00  WARN 110976 --- [kursnews-service] [restartedMain] iguration$LoadBalancerCaffeineWarnLogger : Spring Cloud LoadBalancer is currently working with the default cache. While this cache implementation is useful for development and tests, it's recommended to use Caffeine cache in production.You can switch to using Caffeine cache, by adding it and org.springframework.cache.caffeine.CaffeineCacheManager to the classpath.
2025-12-07T18:04:33.630+04:00  INFO 110976 --- [kursnews-service] [restartedMain] o.s.c.n.eureka.InstanceInfoFactory       : Setting initial instance status as: STARTING
2025-12-07T18:04:33.736+04:00  INFO 110976 --- [kursnews-service] [restartedMain] com.netflix.discovery.DiscoveryClient    : Initializing Eureka in region us-east-1
2025-12-07T18:04:33.742+04:00  INFO 110976 --- [kursnews-service] [restartedMain] c.n.d.s.r.aws.ConfigClusterResolver      : Resolving eureka endpoints via configuration
2025-12-07T18:04:33.769+04:00  INFO 110976 --- [kursnews-service] [restartedMain] com.netflix.discovery.DiscoveryClient    : Disable delta property : false
2025-12-07T18:04:33.769+04:00  INFO 110976 --- [kursnews-service] [restartedMain] com.netflix.discovery.DiscoveryClient    : Single vip registry refresh property : null
2025-12-07T18:04:33.769+04:00  INFO 110976 --- [kursnews-service] [restartedMain] com.netflix.discovery.DiscoveryClient    : Force full registry fetch : false
2025-12-07T18:04:33.769+04:00  INFO 110976 --- [kursnews-service] [restartedMain] com.netflix.discovery.DiscoveryClient    : Application is null : false
2025-12-07T18:04:33.769+04:00  INFO 110976 --- [kursnews-service] [restartedMain] com.netflix.discovery.DiscoveryClient    : Registered Applications size is zero : true
2025-12-07T18:04:33.769+04:00  INFO 110976 --- [kursnews-service] [restartedMain] com.netflix.discovery.DiscoveryClient    : Application version is -1: true
2025-12-07T18:04:33.769+04:00  INFO 110976 --- [kursnews-service] [restartedMain] com.netflix.discovery.DiscoveryClient    : Getting all instance registry info from the eureka server
2025-12-07T18:04:34.035+04:00  INFO 110976 --- [kursnews-service] [restartedMain] com.netflix.discovery.DiscoveryClient    : The response status is 200
2025-12-07T18:04:34.037+04:00  INFO 110976 --- [kursnews-service] [restartedMain] com.netflix.discovery.DiscoveryClient    : Starting heartbeat executor: renew interval is: 30
2025-12-07T18:04:34.038+04:00  INFO 110976 --- [kursnews-service] [restartedMain] c.n.discovery.InstanceInfoReplicator     : InstanceInfoReplicator onDemand update allowed rate per min is 4
2025-12-07T18:04:34.042+04:00  INFO 110976 --- [kursnews-service] [restartedMain] com.netflix.discovery.DiscoveryClient    : Discovery Client initialized at timestamp 1765116274041 with initial instances count: 2
2025-12-07T18:04:34.044+04:00  INFO 110976 --- [kursnews-service] [restartedMain] o.s.c.n.e.s.EurekaServiceRegistry        : Registering application KURSNEWS-SERVICE with eureka with status UP
2025-12-07T18:04:34.044+04:00  INFO 110976 --- [kursnews-service] [restartedMain] com.netflix.discovery.DiscoveryClient    : Saw local status change event StatusChangeEvent [timestamp=1765116274044, current=UP, previous=STARTING]
2025-12-07T18:04:34.046+04:00  INFO 110976 --- [kursnews-service] [DiscoveryClient-InstanceInfoReplicator-0] com.netflix.discovery.DiscoveryClient    : DiscoveryClient_KURSNEWS-SERVICE/kursnews-service:8081: registering service...
2025-12-07T18:04:34.064+04:00  INFO 110976 --- [kursnews-service] [restartedMain] o.s.b.w.embedded.tomcat.TomcatWebServer  : Tomcat started on port 8081 (http) with context path ''
2025-12-07T18:04:34.065+04:00  INFO 110976 --- [kursnews-service] [restartedMain] .s.c.n.e.s.EurekaAutoServiceRegistration : Updating port to 8081
2025-12-07T18:04:34.078+04:00  INFO 110976 --- [kursnews-service] [restartedMain] c.example.KursNews.KursNewsApplication   : Started KursNewsApplication in 5.452 seconds (process running for 5.837)
2025-12-07T18:04:34.080+04:00  INFO 110976 --- [kursnews-service] [DiscoveryClient-InstanceInfoReplicator-0] com.netflix.discovery.DiscoveryClient    : DiscoveryClient_KURSNEWS-SERVICE/kursnews-service:8081 - registration status: 204
2025-12-07T18:05:22.931+04:00  INFO 110976 --- [kursnews-service] [http-nio-8081-exec-3] o.a.c.c.C.[Tomcat].[localhost].[/]       : Initializing Spring DispatcherServlet 'dispatcherServlet'
2025-12-07T18:05:22.931+04:00  INFO 110976 --- [kursnews-service] [http-nio-8081-exec-3] o.s.web.servlet.DispatcherServlet        : Initializing Servlet 'dispatcherServlet'
2025-12-07T18:05:22.932+04:00  INFO 110976 --- [kursnews-service] [http-nio-8081-exec-3] o.s.web.servlet.DispatcherServlet        : Completed initialization in 1 ms
2025-12-07T18:05:23.107+04:00  INFO 110976 --- [kursnews-service] [http-nio-8081-exec-1] c.e.KursNews.services.CommentService     : Send notification to paxa.master3000@yandex.ru
2025-12-07T18:05:23.107+04:00  INFO 110976 --- [kursnews-service] [http-nio-8081-exec-1] c.e.K.services.KafkaProducerService      : Sending comment notification event to Kafka: CommentNotificationEvent(commentId=3c079499-963e-4953-b53c-fa01107d620a, newsId=297e9d3d-56b1-4af3-adbb-8eccb8d9baa4, newsAuthorId=1cb23e39-ee49-46f5-8592-91c6ab32ef97, commentAuthorId=1cb23e39-ee49-46f5-8592-91c6ab32ef97, commentBody=гуд, newsTitle=фыв, userEmail=paxa.master3000@yandex.ru, timestamp=1765116323107)
2025-12-07T18:05:23.131+04:00  INFO 110976 --- [kursnews-service] [http-nio-8081-exec-1] o.a.k.clients.producer.ProducerConfig    : ProducerConfig values: 
	acks = -1
	auto.include.jmx.reporter = true
	batch.size = 16384
	bootstrap.servers = [localhost:9092]
	buffer.memory = 33554432
	client.dns.lookup = use_all_dns_ips
	client.id = producer-1
	compression.type = none
	connections.max.idle.ms = 540000
	delivery.timeout.ms = 120000
	enable.idempotence = true
	interceptor.classes = []
	key.serializer = class org.apache.kafka.common.serialization.StringSerializer
	linger.ms = 0
	max.block.ms = 60000
	max.in.flight.requests.per.connection = 5
	max.request.size = 1048576
	metadata.max.age.ms = 300000
	metadata.max.idle.ms = 300000
	metric.reporters = []
	metrics.num.samples = 2
	metrics.recording.level = INFO
	metrics.sample.window.ms = 30000
	partitioner.adaptive.partitioning.enable = true
	partitioner.availability.timeout.ms = 0
	partitioner.class = null
	partitioner.ignore.keys = false
	receive.buffer.bytes = 32768
	reconnect.backoff.max.ms = 1000
	reconnect.backoff.ms = 50
	request.timeout.ms = 30000
	retries = 2147483647
	retry.backoff.ms = 100
	sasl.client.callback.handler.class = null
	sasl.jaas.config = null
	sasl.kerberos.kinit.cmd = /usr/bin/kinit
	sasl.kerberos.min.time.before.relogin = 60000
	sasl.kerberos.service.name = null
	sasl.kerberos.ticket.renew.jitter = 0.05
	sasl.kerberos.ticket.renew.window.factor = 0.8
	sasl.login.callback.handler.class = null
	sasl.login.class = null
	sasl.login.connect.timeout.ms = null
	sasl.login.read.timeout.ms = null
	sasl.login.refresh.buffer.seconds = 300
	sasl.login.refresh.min.period.seconds = 60
	sasl.login.refresh.window.factor = 0.8
	sasl.login.refresh.window.jitter = 0.05
	sasl.login.retry.backoff.max.ms = 10000
	sasl.login.retry.backoff.ms = 100
	sasl.mechanism = GSSAPI
	sasl.oauthbearer.clock.skew.seconds = 30
	sasl.oauthbearer.expected.audience = null
	sasl.oauthbearer.expected.issuer = null
	sasl.oauthbearer.jwks.endpoint.refresh.ms = 3600000
	sasl.oauthbearer.jwks.endpoint.retry.backoff.max.ms = 10000
	sasl.oauthbearer.jwks.endpoint.retry.backoff.ms = 100
	sasl.oauthbearer.jwks.endpoint.url = null
	sasl.oauthbearer.scope.claim.name = scope
	sasl.oauthbearer.sub.claim.name = sub
	sasl.oauthbearer.token.endpoint.url = null
	security.protocol = PLAINTEXT
	security.providers = null
	send.buffer.bytes = 131072
	socket.connection.setup.timeout.max.ms = 30000
	socket.connection.setup.timeout.ms = 10000
	ssl.cipher.suites = null
	ssl.enabled.protocols = [TLSv1.2, TLSv1.3]
	ssl.endpoint.identification.algorithm = https
	ssl.engine.factory.class = null
	ssl.key.password = null
	ssl.keymanager.algorithm = SunX509
	ssl.keystore.certificate.chain = null
	ssl.keystore.key = null
	ssl.keystore.location = null
	ssl.keystore.password = null
	ssl.keystore.type = JKS
	ssl.protocol = TLSv1.3
	ssl.provider = null
	ssl.secure.random.implementation = null
	ssl.trustmanager.algorithm = PKIX
	ssl.truststore.certificates = null
	ssl.truststore.location = null
	ssl.truststore.password = null
	ssl.truststore.type = JKS
	transaction.timeout.ms = 60000
	transactional.id = null
	value.serializer = class org.springframework.kafka.support.serializer.JsonSerializer

2025-12-07T18:05:23.151+04:00  INFO 110976 --- [kursnews-service] [http-nio-8081-exec-1] o.a.k.clients.producer.KafkaProducer     : [Producer clientId=producer-1] Instantiated an idempotent producer.
2025-12-07T18:05:23.177+04:00  INFO 110976 --- [kursnews-service] [http-nio-8081-exec-1] o.a.kafka.common.utils.AppInfoParser     : Kafka version: 3.6.2
2025-12-07T18:05:23.177+04:00  INFO 110976 --- [kursnews-service] [http-nio-8081-exec-1] o.a.kafka.common.utils.AppInfoParser     : Kafka commitId: c4deed513057c94e
2025-12-07T18:05:23.177+04:00  INFO 110976 --- [kursnews-service] [http-nio-8081-exec-1] o.a.kafka.common.utils.AppInfoParser     : Kafka startTimeMs: 1765116323176
2025-12-07T18:05:23.363+04:00  INFO 110976 --- [kursnews-service] [kafka-producer-network-thread | producer-1] org.apache.kafka.clients.Metadata        : [Producer clientId=producer-1] Cluster ID: V1QSmycrQ-SUkyeMPOqXAQ
2025-12-07T18:05:23.364+04:00  INFO 110976 --- [kursnews-service] [kafka-producer-network-thread | producer-1] o.a.k.c.p.internals.TransactionManager   : [Producer clientId=producer-1] ProducerId set to 2 with epoch 0
2025-12-07T18:05:23.393+04:00  INFO 110976 --- [kursnews-service] [kafka-producer-network-thread | producer-1] c.e.K.services.KafkaProducerService      : Comment notification sent successfully: offset=2
2025-12-07T18:06:19.775+04:00  INFO 110976 --- [kursnews-service] [http-nio-8081-exec-2] c.e.KursNews.services.CommentService     : Send notification to paxa.master3000@yandex.ru
2025-12-07T18:06:19.775+04:00  INFO 110976 --- [kursnews-service] [http-nio-8081-exec-2] c.e.K.services.KafkaProducerService      : Sending comment notification event to Kafka: CommentNotificationEvent(commentId=859e8df0-53f2-4c5f-ae5a-bd093b3589b8, newsId=297e9d3d-56b1-4af3-adbb-8eccb8d9baa4, newsAuthorId=1cb23e39-ee49-46f5-8592-91c6ab32ef97, commentAuthorId=1cb23e39-ee49-46f5-8592-91c6ab32ef97, commentBody=Норм, newsTitle=фыв, userEmail=paxa.master3000@yandex.ru, timestamp=1765116379775)
2025-12-07T18:06:19.781+04:00  INFO 110976 --- [kursnews-service] [kafka-producer-network-thread | producer-1] c.e.K.services.KafkaProducerService      : Comment notification sent successfully: offset=3
2025-12-07T18:09:33.777+04:00  INFO 110976 --- [kursnews-service] [AsyncResolver-bootstrap-executor-0] c.n.d.s.r.aws.ConfigClusterResolver      : Resolving eureka endpoints via configuration
2025-12-07T18:14:23.415+04:00  INFO 110976 --- [kursnews-service] [kafka-producer-network-thread | producer-1] org.apache.kafka.clients.NetworkClient   : [Producer clientId=producer-1] Node -1 disconnected.
2025-12-07T18:14:33.785+04:00  INFO 110976 --- [kursnews-service] [AsyncResolver-bootstrap-executor-0] c.n.d.s.r.aws.ConfigClusterResolver      : Resolving eureka endpoints via configuration
2025-12-07T18:16:08.845+04:00  INFO 110976 --- [kursnews-service] [http-nio-8081-exec-7] c.e.KursNews.services.CommentService     : Send notification to paxa.master3000@yandex.ru
2025-12-07T18:16:08.846+04:00  INFO 110976 --- [kursnews-service] [http-nio-8081-exec-7] c.e.K.services.KafkaProducerService      : Sending comment notification event to Kafka: CommentNotificationEvent(commentId=b0cc3bc0-58e4-43ac-b2f4-619e27a7970a, newsId=297e9d3d-56b1-4af3-adbb-8eccb8d9baa4, newsAuthorId=1cb23e39-ee49-46f5-8592-91c6ab32ef97, commentAuthorId=1cb23e39-ee49-46f5-8592-91c6ab32ef97, commentBody=чсячс, newsTitle=фыв, userEmail=paxa.master3000@yandex.ru, timestamp=1765116968846)
2025-12-07T18:16:08.853+04:00  INFO 110976 --- [kursnews-service] [kafka-producer-network-thread | producer-1] c.e.K.services.KafkaProducerService      : Comment notification sent successfully: offset=4
2025-12-07T18:18:44.399+04:00  INFO 110976 --- [kursnews-service] [http-nio-8081-exec-3] c.e.KursNews.services.CommentService     : Send notification to paxa.master3000@yandex.ru
2025-12-07T18:18:44.399+04:00  INFO 110976 --- [kursnews-service] [http-nio-8081-exec-3] c.e.K.services.KafkaProducerService      : Sending comment notification event to Kafka: CommentNotificationEvent(commentId=7f9c8acc-1a20-452a-9392-ad015827640d, newsId=297e9d3d-56b1-4af3-adbb-8eccb8d9baa4, newsAuthorId=1cb23e39-ee49-46f5-8592-91c6ab32ef97, commentAuthorId=1cb23e39-ee49-46f5-8592-91c6ab32ef97, commentBody=с, newsTitle=фыв, userEmail=paxa.master3000@yandex.ru, timestamp=1765117124399)
2025-12-07T18:18:44.403+04:00  INFO 110976 --- [kursnews-service] [kafka-producer-network-thread | producer-1] c.e.K.services.KafkaProducerService      : Comment notification sent successfully: offset=5
2025-12-07T18:19:33.787+04:00  INFO 110976 --- [kursnews-service] [AsyncResolver-bootstrap-executor-0] c.n.d.s.r.aws.ConfigClusterResolver      : Resolving eureka endpoints via configuration
2025-12-07T18:21:52.202+04:00  INFO 110976 --- [kursnews-service] [http-nio-8081-exec-5] c.e.KursNews.services.CommentService     : Send notification to paxa.master3000@yandex.ru
2025-12-07T18:21:52.203+04:00  INFO 110976 --- [kursnews-service] [http-nio-8081-exec-5] c.e.K.services.KafkaProducerService      : Sending comment notification event to Kafka: CommentNotificationEvent(commentId=9b05b0a1-00de-4c2d-b85b-c07b68c05c86, newsId=297e9d3d-56b1-4af3-adbb-8eccb8d9baa4, newsAuthorId=1cb23e39-ee49-46f5-8592-91c6ab32ef97, commentAuthorId=1cb23e39-ee49-46f5-8592-91c6ab32ef97, commentBody=пп, newsTitle=фыв, userEmail=paxa.master3000@yandex.ru, timestamp=1765117312203)
2025-12-07T18:21:52.208+04:00  INFO 110976 --- [kursnews-service] [kafka-producer-network-thread | producer-1] c.e.K.services.KafkaProducerService      : Comment notification sent successfully: offset=6
2025-12-07T18:24:33.789+04:00  INFO 110976 --- [kursnews-service] [AsyncResolver-bootstrap-executor-0] c.n.d.s.r.aws.ConfigClusterResolver      : Resolving eureka endpoints via configuration
2025-12-07T18:29:33.801+04:00  INFO 110976 --- [kursnews-service] [AsyncResolver-bootstrap-executor-0] c.n.d.s.r.aws.ConfigClusterResolver      : Resolving eureka endpoints via configuration
2025-12-07T18:34:33.815+04:00  INFO 110976 --- [kursnews-service] [AsyncResolver-bootstrap-executor-0] c.n.d.s.r.aws.ConfigClusterResolver      : Resolving eureka endpoints via configuration
