2025-12-05T05:07:11.101+04:00  INFO 18088 --- [kursnews-service] [main] c.e.KursNews.KursNewsApplicationTests    : Starting KursNewsApplicationTests using Java 17.0.10 with PID 18088 (started by p.vasiliev in C:\Users\p.vasiliev\IdeaProjects\HighLoad\KursNews)
2025-12-05T05:07:11.108+04:00 DEBUG 18088 --- [kursnews-service] [main] c.e.KursNews.KursNewsApplicationTests    : Running with Spring Boot v3.2.5, Spring v6.1.6
2025-12-05T05:07:11.109+04:00  INFO 18088 --- [kursnews-service] [main] c.e.KursNews.KursNewsApplicationTests    : No active profile set, falling back to 1 default profile: "default"
2025-12-05T05:07:11.776+04:00  INFO 18088 --- [kursnews-service] [main] .s.d.r.c.RepositoryConfigurationDelegate : Bootstrapping Spring Data JPA repositories in DEFAULT mode.
2025-12-05T05:07:11.885+04:00  INFO 18088 --- [kursnews-service] [main] .s.d.r.c.RepositoryConfigurationDelegate : Finished Spring Data repository scanning in 101 ms. Found 4 JPA repository interfaces.
2025-12-05T05:07:12.128+04:00  INFO 18088 --- [kursnews-service] [main] o.s.cloud.context.scope.GenericScope     : BeanFactory id=942e314b-12cf-3881-9bf8-a8664518f622
2025-12-05T05:07:12.253+04:00  WARN 18088 --- [kursnews-service] [main] trationDelegate$BeanPostProcessorChecker : Bean 'org.springframework.cloud.client.loadbalancer.LoadBalancerAutoConfiguration$LoadBalancerInterceptorConfig' of type [org.springframework.cloud.client.loadbalancer.LoadBalancerAutoConfiguration$LoadBalancerInterceptorConfig] is not eligible for getting processed by all BeanPostProcessors (for example: not eligible for auto-proxying). The currently created BeanPostProcessor [lbRestClientPostProcessor] is declared through a non-static factory method on that class; consider declaring it as static instead.
2025-12-05T05:07:12.255+04:00  WARN 18088 --- [kursnews-service] [main] trationDelegate$BeanPostProcessorChecker : Bean 'org.springframework.cloud.loadbalancer.config.BlockingLoadBalancerClientAutoConfiguration' of type [org.springframework.cloud.loadbalancer.config.BlockingLoadBalancerClientAutoConfiguration] is not eligible for getting processed by all BeanPostProcessors (for example: not eligible for auto-proxying). Is this bean getting eagerly injected into a currently created BeanPostProcessor [lbRestClientPostProcessor]? Check the corresponding BeanPostProcessor declaration and its dependencies.
2025-12-05T05:07:12.256+04:00  WARN 18088 --- [kursnews-service] [main] trationDelegate$BeanPostProcessorChecker : Bean 'org.springframework.cloud.loadbalancer.config.LoadBalancerAutoConfiguration' of type [org.springframework.cloud.loadbalancer.config.LoadBalancerAutoConfiguration] is not eligible for getting processed by all BeanPostProcessors (for example: not eligible for auto-proxying). Is this bean getting eagerly injected into a currently created BeanPostProcessor [lbRestClientPostProcessor]? Check the corresponding BeanPostProcessor declaration and its dependencies.
2025-12-05T05:07:12.263+04:00  WARN 18088 --- [kursnews-service] [main] trationDelegate$BeanPostProcessorChecker : Bean 'org.springframework.cloud.commons.config.CommonsConfigAutoConfiguration' of type [org.springframework.cloud.commons.config.CommonsConfigAutoConfiguration] is not eligible for getting processed by all BeanPostProcessors (for example: not eligible for auto-proxying). Is this bean getting eagerly injected into a currently created BeanPostProcessor [lbRestClientPostProcessor]? Check the corresponding BeanPostProcessor declaration and its dependencies.
2025-12-05T05:07:12.265+04:00  WARN 18088 --- [kursnews-service] [main] trationDelegate$BeanPostProcessorChecker : Bean 'org.springframework.cloud.client.loadbalancer.LoadBalancerDefaultMappingsProviderAutoConfiguration' of type [org.springframework.cloud.client.loadbalancer.LoadBalancerDefaultMappingsProviderAutoConfiguration] is not eligible for getting processed by all BeanPostProcessors (for example: not eligible for auto-proxying). Is this bean getting eagerly injected into a currently created BeanPostProcessor [lbRestClientPostProcessor]? Check the corresponding BeanPostProcessor declaration and its dependencies.
2025-12-05T05:07:12.266+04:00  WARN 18088 --- [kursnews-service] [main] trationDelegate$BeanPostProcessorChecker : Bean 'loadBalancerClientsDefaultsMappingsProvider' of type [org.springframework.cloud.client.loadbalancer.LoadBalancerDefaultMappingsProviderAutoConfiguration$$Lambda$959/0x000002cc0b447c50] is not eligible for getting processed by all BeanPostProcessors (for example: not eligible for auto-proxying). Is this bean getting eagerly injected into a currently created BeanPostProcessor [lbRestClientPostProcessor]? Check the corresponding BeanPostProcessor declaration and its dependencies.
2025-12-05T05:07:12.269+04:00  WARN 18088 --- [kursnews-service] [main] trationDelegate$BeanPostProcessorChecker : Bean 'defaultsBindHandlerAdvisor' of type [org.springframework.cloud.commons.config.DefaultsBindHandlerAdvisor] is not eligible for getting processed by all BeanPostProcessors (for example: not eligible for auto-proxying). Is this bean getting eagerly injected into a currently created BeanPostProcessor [lbRestClientPostProcessor]? Check the corresponding BeanPostProcessor declaration and its dependencies.
2025-12-05T05:07:12.277+04:00  WARN 18088 --- [kursnews-service] [main] trationDelegate$BeanPostProcessorChecker : Bean 'spring.cloud.loadbalancer-org.springframework.cloud.client.loadbalancer.LoadBalancerClientsProperties' of type [org.springframework.cloud.client.loadbalancer.LoadBalancerClientsProperties] is not eligible for getting processed by all BeanPostProcessors (for example: not eligible for auto-proxying). Is this bean getting eagerly injected into a currently created BeanPostProcessor [lbRestClientPostProcessor]? Check the corresponding BeanPostProcessor declaration and its dependencies.
2025-12-05T05:07:12.283+04:00  WARN 18088 --- [kursnews-service] [main] trationDelegate$BeanPostProcessorChecker : Bean 'default.org.springframework.cloud.loadbalancer.config.LoadBalancerAutoConfiguration.LoadBalancerClientSpecification' of type [org.springframework.cloud.loadbalancer.annotation.LoadBalancerClientSpecification] is not eligible for getting processed by all BeanPostProcessors (for example: not eligible for auto-proxying). Is this bean getting eagerly injected into a currently created BeanPostProcessor [lbRestClientPostProcessor]? Check the corresponding BeanPostProcessor declaration and its dependencies.
2025-12-05T05:07:12.284+04:00  WARN 18088 --- [kursnews-service] [main] trationDelegate$BeanPostProcessorChecker : Bean 'default.org.springframework.cloud.loadbalancer.config.BlockingLoadBalancerClientAutoConfiguration.LoadBalancerClientSpecification' of type [org.springframework.cloud.loadbalancer.annotation.LoadBalancerClientSpecification] is not eligible for getting processed by all BeanPostProcessors (for example: not eligible for auto-proxying). Is this bean getting eagerly injected into a currently created BeanPostProcessor [lbRestClientPostProcessor]? Check the corresponding BeanPostProcessor declaration and its dependencies.
2025-12-05T05:07:12.285+04:00  WARN 18088 --- [kursnews-service] [main] trationDelegate$BeanPostProcessorChecker : Bean 'default.org.springframework.cloud.netflix.eureka.loadbalancer.LoadBalancerEurekaAutoConfiguration.LoadBalancerClientSpecification' of type [org.springframework.cloud.loadbalancer.annotation.LoadBalancerClientSpecification] is not eligible for getting processed by all BeanPostProcessors (for example: not eligible for auto-proxying). Is this bean getting eagerly injected into a currently created BeanPostProcessor [lbRestClientPostProcessor]? Check the corresponding BeanPostProcessor declaration and its dependencies.
2025-12-05T05:07:12.287+04:00  WARN 18088 --- [kursnews-service] [main] trationDelegate$BeanPostProcessorChecker : Bean 'loadBalancerClientFactory' of type [org.springframework.cloud.loadbalancer.support.LoadBalancerClientFactory] is not eligible for getting processed by all BeanPostProcessors (for example: not eligible for auto-proxying). Is this bean getting eagerly injected into a currently created BeanPostProcessor [lbRestClientPostProcessor]? Check the corresponding BeanPostProcessor declaration and its dependencies.
2025-12-05T05:07:12.293+04:00  WARN 18088 --- [kursnews-service] [main] trationDelegate$BeanPostProcessorChecker : Bean 'blockingLoadBalancerClient' of type [org.springframework.cloud.loadbalancer.blocking.client.BlockingLoadBalancerClient] is not eligible for getting processed by all BeanPostProcessors (for example: not eligible for auto-proxying). Is this bean getting eagerly injected into a currently created BeanPostProcessor [lbRestClientPostProcessor]? Check the corresponding BeanPostProcessor declaration and its dependencies.
2025-12-05T05:07:12.300+04:00  WARN 18088 --- [kursnews-service] [main] trationDelegate$BeanPostProcessorChecker : Bean 'loadBalancerServiceInstanceCookieTransformer' of type [org.springframework.cloud.loadbalancer.core.LoadBalancerServiceInstanceCookieTransformer] is not eligible for getting processed by all BeanPostProcessors (for example: not eligible for auto-proxying). Is this bean getting eagerly injected into a currently created BeanPostProcessor [lbRestClientPostProcessor]? Check the corresponding BeanPostProcessor declaration and its dependencies.
2025-12-05T05:07:12.301+04:00  WARN 18088 --- [kursnews-service] [main] trationDelegate$BeanPostProcessorChecker : Bean 'xForwarderHeadersTransformer' of type [org.springframework.cloud.loadbalancer.blocking.XForwardedHeadersTransformer] is not eligible for getting processed by all BeanPostProcessors (for example: not eligible for auto-proxying). Is this bean getting eagerly injected into a currently created BeanPostProcessor [lbRestClientPostProcessor]? Check the corresponding BeanPostProcessor declaration and its dependencies.
2025-12-05T05:07:12.302+04:00  WARN 18088 --- [kursnews-service] [main] trationDelegate$BeanPostProcessorChecker : Bean 'org.springframework.cloud.client.loadbalancer.LoadBalancerAutoConfiguration' of type [org.springframework.cloud.client.loadbalancer.LoadBalancerAutoConfiguration] is not eligible for getting processed by all BeanPostProcessors (for example: not eligible for auto-proxying). Is this bean getting eagerly injected into a currently created BeanPostProcessor [lbRestClientPostProcessor]? Check the corresponding BeanPostProcessor declaration and its dependencies.
2025-12-05T05:07:12.304+04:00  WARN 18088 --- [kursnews-service] [main] trationDelegate$BeanPostProcessorChecker : Bean 'loadBalancerRequestFactory' of type [org.springframework.cloud.client.loadbalancer.LoadBalancerRequestFactory] is not eligible for getting processed by all BeanPostProcessors (for example: not eligible for auto-proxying). Is this bean getting eagerly injected into a currently created BeanPostProcessor [lbRestClientPostProcessor]? Check the corresponding BeanPostProcessor declaration and its dependencies.
2025-12-05T05:07:12.305+04:00  WARN 18088 --- [kursnews-service] [main] trationDelegate$BeanPostProcessorChecker : Bean 'loadBalancerInterceptor' of type [org.springframework.cloud.client.loadbalancer.LoadBalancerInterceptor] is not eligible for getting processed by all BeanPostProcessors (for example: not eligible for auto-proxying). Is this bean getting eagerly injected into a currently created BeanPostProcessor [lbRestClientPostProcessor]? Check the corresponding BeanPostProcessor declaration and its dependencies.
2025-12-05T05:07:12.514+04:00  INFO 18088 --- [kursnews-service] [main] o.hibernate.jpa.internal.util.LogHelper  : HHH000204: Processing PersistenceUnitInfo [name: default]
2025-12-05T05:07:12.596+04:00  INFO 18088 --- [kursnews-service] [main] org.hibernate.Version                    : HHH000412: Hibernate ORM core version 6.4.4.Final
2025-12-05T05:07:12.633+04:00  INFO 18088 --- [kursnews-service] [main] o.h.c.internal.RegionFactoryInitiator    : HHH000026: Second-level cache disabled
2025-12-05T05:07:12.866+04:00  INFO 18088 --- [kursnews-service] [main] o.s.o.j.p.SpringPersistenceUnitInfo      : No LoadTimeWeaver setup: ignoring JPA class transformer
2025-12-05T05:07:12.884+04:00  INFO 18088 --- [kursnews-service] [main] com.zaxxer.hikari.HikariDataSource       : HikariPool-1 - Starting...
2025-12-05T05:07:12.978+04:00  INFO 18088 --- [kursnews-service] [main] com.zaxxer.hikari.pool.HikariPool        : HikariPool-1 - Added connection org.postgresql.jdbc.PgConnection@286a4c52
2025-12-05T05:07:12.980+04:00  INFO 18088 --- [kursnews-service] [main] com.zaxxer.hikari.HikariDataSource       : HikariPool-1 - Start completed.
2025-12-05T05:07:13.676+04:00  INFO 18088 --- [kursnews-service] [main] o.h.e.t.j.p.i.JtaPlatformInitiator       : HHH000489: No JTA platform available (set 'hibernate.transaction.jta.platform' to enable JTA platform integration)
2025-12-05T05:07:13.712+04:00  INFO 18088 --- [kursnews-service] [main] j.LocalContainerEntityManagerFactoryBean : Initialized JPA EntityManagerFactory for persistence unit 'default'
2025-12-05T05:07:14.474+04:00  WARN 18088 --- [kursnews-service] [main] JpaBaseConfiguration$JpaWebConfiguration : spring.jpa.open-in-view is enabled by default. Therefore, database queries may be performed during view rendering. Explicitly configure spring.jpa.open-in-view to disable this warning
2025-12-05T05:07:15.250+04:00  INFO 18088 --- [kursnews-service] [main] DiscoveryClientOptionalArgsConfiguration : Eureka HTTP Client uses RestTemplate.
2025-12-05T05:07:15.391+04:00  WARN 18088 --- [kursnews-service] [main] iguration$LoadBalancerCaffeineWarnLogger : Spring Cloud LoadBalancer is currently working with the default cache. While this cache implementation is useful for development and tests, it's recommended to use Caffeine cache in production.You can switch to using Caffeine cache, by adding it and org.springframework.cache.caffeine.CaffeineCacheManager to the classpath.
2025-12-05T05:07:15.421+04:00  INFO 18088 --- [kursnews-service] [main] o.s.c.n.eureka.InstanceInfoFactory       : Setting initial instance status as: STARTING
2025-12-05T05:07:15.544+04:00  INFO 18088 --- [kursnews-service] [main] com.netflix.discovery.DiscoveryClient    : Initializing Eureka in region us-east-1
2025-12-05T05:07:15.548+04:00  INFO 18088 --- [kursnews-service] [main] c.n.d.s.r.aws.ConfigClusterResolver      : Resolving eureka endpoints via configuration
2025-12-05T05:07:15.566+04:00  INFO 18088 --- [kursnews-service] [main] com.netflix.discovery.DiscoveryClient    : Disable delta property : false
2025-12-05T05:07:15.566+04:00  INFO 18088 --- [kursnews-service] [main] com.netflix.discovery.DiscoveryClient    : Single vip registry refresh property : null
2025-12-05T05:07:15.566+04:00  INFO 18088 --- [kursnews-service] [main] com.netflix.discovery.DiscoveryClient    : Force full registry fetch : false
2025-12-05T05:07:15.566+04:00  INFO 18088 --- [kursnews-service] [main] com.netflix.discovery.DiscoveryClient    : Application is null : false
2025-12-05T05:07:15.566+04:00  INFO 18088 --- [kursnews-service] [main] com.netflix.discovery.DiscoveryClient    : Registered Applications size is zero : true
2025-12-05T05:07:15.566+04:00  INFO 18088 --- [kursnews-service] [main] com.netflix.discovery.DiscoveryClient    : Application version is -1: true
2025-12-05T05:07:15.566+04:00  INFO 18088 --- [kursnews-service] [main] com.netflix.discovery.DiscoveryClient    : Getting all instance registry info from the eureka server
2025-12-05T05:07:15.810+04:00  INFO 18088 --- [kursnews-service] [main] com.netflix.discovery.DiscoveryClient    : The response status is 200
2025-12-05T05:07:15.812+04:00  INFO 18088 --- [kursnews-service] [main] com.netflix.discovery.DiscoveryClient    : Starting heartbeat executor: renew interval is: 30
2025-12-05T05:07:15.815+04:00  INFO 18088 --- [kursnews-service] [main] c.n.discovery.InstanceInfoReplicator     : InstanceInfoReplicator onDemand update allowed rate per min is 4
2025-12-05T05:07:15.818+04:00  INFO 18088 --- [kursnews-service] [main] com.netflix.discovery.DiscoveryClient    : Discovery Client initialized at timestamp 1764896835817 with initial instances count: 1
2025-12-05T05:07:15.820+04:00  INFO 18088 --- [kursnews-service] [main] o.s.c.n.e.s.EurekaServiceRegistry        : Registering application KURSNEWS-SERVICE with eureka with status UP
2025-12-05T05:07:15.820+04:00  INFO 18088 --- [kursnews-service] [main] com.netflix.discovery.DiscoveryClient    : Saw local status change event StatusChangeEvent [timestamp=1764896835820, current=UP, previous=STARTING]
2025-12-05T05:07:15.821+04:00  INFO 18088 --- [kursnews-service] [DiscoveryClient-InstanceInfoReplicator-0] com.netflix.discovery.DiscoveryClient    : DiscoveryClient_KURSNEWS-SERVICE/kursnews-service:8081: registering service...
2025-12-05T05:07:15.827+04:00  INFO 18088 --- [kursnews-service] [main] c.e.KursNews.KursNewsApplicationTests    : Started KursNewsApplicationTests in 5.063 seconds (process running for 5.81)
2025-12-05T05:07:15.851+04:00  INFO 18088 --- [kursnews-service] [DiscoveryClient-InstanceInfoReplicator-0] com.netflix.discovery.DiscoveryClient    : DiscoveryClient_KURSNEWS-SERVICE/kursnews-service:8081 - registration status: 204
2025-12-05T05:07:16.250+04:00  INFO 18088 --- [kursnews-service] [SpringApplicationShutdownHook] o.s.c.n.e.s.EurekaServiceRegistry        : Unregistering application KURSNEWS-SERVICE with eureka with status DOWN
2025-12-05T05:07:16.250+04:00  INFO 18088 --- [kursnews-service] [SpringApplicationShutdownHook] com.netflix.discovery.DiscoveryClient    : Saw local status change event StatusChangeEvent [timestamp=1764896836250, current=DOWN, previous=UP]
2025-12-05T05:07:16.250+04:00  INFO 18088 --- [kursnews-service] [DiscoveryClient-InstanceInfoReplicator-0] com.netflix.discovery.DiscoveryClient    : DiscoveryClient_KURSNEWS-SERVICE/kursnews-service:8081: registering service...
2025-12-05T05:07:16.254+04:00  INFO 18088 --- [kursnews-service] [SpringApplicationShutdownHook] j.LocalContainerEntityManagerFactoryBean : Closing JPA EntityManagerFactory for persistence unit 'default'
2025-12-05T05:07:16.256+04:00  INFO 18088 --- [kursnews-service] [DiscoveryClient-InstanceInfoReplicator-0] com.netflix.discovery.DiscoveryClient    : DiscoveryClient_KURSNEWS-SERVICE/kursnews-service:8081 - registration status: 204
2025-12-05T05:07:16.256+04:00  INFO 18088 --- [kursnews-service] [SpringApplicationShutdownHook] com.zaxxer.hikari.HikariDataSource       : HikariPool-1 - Shutdown initiated...
2025-12-05T05:07:16.264+04:00  INFO 18088 --- [kursnews-service] [SpringApplicationShutdownHook] com.zaxxer.hikari.HikariDataSource       : HikariPool-1 - Shutdown completed.
2025-12-05T05:07:16.266+04:00  INFO 18088 --- [kursnews-service] [SpringApplicationShutdownHook] com.netflix.discovery.DiscoveryClient    : Shutting down DiscoveryClient ...
2025-12-05T05:07:19.282+04:00  INFO 18088 --- [kursnews-service] [SpringApplicationShutdownHook] com.netflix.discovery.DiscoveryClient    : Unregistering ...
2025-12-05T05:07:19.299+04:00  INFO 18088 --- [kursnews-service] [SpringApplicationShutdownHook] com.netflix.discovery.DiscoveryClient    : DiscoveryClient_KURSNEWS-SERVICE/kursnews-service:8081 - deregister  status: 200
2025-12-05T05:07:19.306+04:00  INFO 18088 --- [kursnews-service] [SpringApplicationShutdownHook] com.netflix.discovery.DiscoveryClient    : Completed shut down of DiscoveryClient
